INFO:root:Preparing browser chrome on page 'https://www.saucedemo.com/'...
DEBUG:selenium.webdriver.common.selenium_manager:Selenium Manager binary found at: C:\PUBLIC_GIT\2025_spring_saucedemo_tstcourse\.venv\Lib\site-packages\selenium\webdriver\common\windows\selenium-manager.exe
DEBUG:selenium.webdriver.common.selenium_manager:Executing process: C:\PUBLIC_GIT\2025_spring_saucedemo_tstcourse\.venv\Lib\site-packages\selenium\webdriver\common\windows\selenium-manager.exe --browser chrome --debug --language-binding python --output json
DEBUG:selenium.webdriver.common.selenium_manager:Sending stats to Plausible: Props { browser: "chrome", browser_version: "", os: "windows", arch: "amd64", lang: "python", selenium_version: "4.29" }
DEBUG:selenium.webdriver.common.selenium_manager:chromedriver not found in PATH
DEBUG:selenium.webdriver.common.selenium_manager:chrome detected at C:\Program Files\Google\Chrome\Application\chrome.exe
DEBUG:selenium.webdriver.common.selenium_manager:Running command: wmic datafile where name='C:\\Program Files\\Google\\Chrome\\Application\\chrome.exe' get Version /value
DEBUG:selenium.webdriver.common.selenium_manager:Output: "\r\r\n\r\r\nVersion=135.0.7049.85\r\r\n\r\r\n\r\r\n\r"
DEBUG:selenium.webdriver.common.selenium_manager:Detected browser: chrome 135.0.7049.85
DEBUG:selenium.webdriver.common.selenium_manager:Discovering versions from https://googlechromelabs.github.io/chrome-for-testing/known-good-versions-with-downloads.json
DEBUG:selenium.webdriver.common.selenium_manager:Required driver: chromedriver 135.0.7049.84
DEBUG:selenium.webdriver.common.selenium_manager:Acquiring lock: C:\Users\Dáša\.cache\selenium\chromedriver\win64\135.0.7049.84\sm.lock
DEBUG:selenium.webdriver.common.selenium_manager:Downloading chromedriver 135.0.7049.84 from https://storage.googleapis.com/chrome-for-testing-public/135.0.7049.84/win64/chromedriver-win64.zip
DEBUG:selenium.webdriver.common.selenium_manager:Driver path: C:\Users\Dáša\.cache\selenium\chromedriver\win64\135.0.7049.84\chromedriver.exe
DEBUG:selenium.webdriver.common.selenium_manager:Browser path: C:\Program Files\Google\Chrome\Application\chrome.exe
DEBUG:selenium.webdriver.common.service:Started executable: `C:\Users\Dáša\.cache\selenium\chromedriver\win64\135.0.7049.84\chromedriver.exe` in a child process with pid: 25000 using 0 to output -3
DEBUG:selenium.webdriver.remote.remote_connection:POST http://localhost:55835/session {'capabilities': {'firstMatch': [{}], 'alwaysMatch': {'browserName': 'chrome', 'pageLoadStrategy': <PageLoadStrategy.normal: 'normal'>, 'browserVersion': None, 'goog:chromeOptions': {'extensions': [], 'binary': 'C:\\Program Files\\Google\\Chrome\\Application\\chrome.exe', 'args': []}}}}
DEBUG:urllib3.connectionpool:Starting new HTTP connection (1): localhost:55835
DEBUG:urllib3.connectionpool:http://localhost:55835 "POST /session HTTP/1.1" 200 0
DEBUG:selenium.webdriver.remote.remote_connection:Remote response: status=200 | data={"value":{"capabilities":{"acceptInsecureCerts":false,"browserName":"chrome","browserVersion":"135.0.7049.85","chrome":{"chromedriverVersion":"135.0.7049.84 (6c019e56001911b3fd467e03bf68c435924d62f4-refs/branch-heads/7049@{#1778})","userDataDir":"C:\\Users\\DA1815~1\\AppData\\Local\\Temp\\scoped_dir25000_78105427"},"fedcm:accounts":true,"goog:chromeOptions":{"debuggerAddress":"localhost:55842"},"networkConnectionEnabled":false,"pageLoadStrategy":"normal","platformName":"windows","proxy":{},"setWindowRect":true,"strictFileInteractability":false,"timeouts":{"implicit":0,"pageLoad":300000,"script":30000},"unhandledPromptBehavior":"dismiss and notify","webauthn:extension:credBlob":true,"webauthn:extension:largeBlob":true,"webauthn:extension:minPinLength":true,"webauthn:extension:prf":true,"webauthn:virtualAuthenticators":true},"sessionId":"b37666a9e167ae51d2935e898a111799"}} | headers=HTTPHeaderDict({'Content-Length': '883', 'Content-Type': 'application/json; charset=utf-8', 'cache-control': 'no-cache'})
DEBUG:selenium.webdriver.remote.remote_connection:Finished Request
DEBUG:selenium.webdriver.remote.remote_connection:POST http://localhost:55835/session/b37666a9e167ae51d2935e898a111799/url {'url': 'https://www.saucedemo.com/'}
DEBUG:urllib3.connectionpool:http://localhost:55835 "POST /session/b37666a9e167ae51d2935e898a111799/url HTTP/1.1" 200 0
DEBUG:selenium.webdriver.remote.remote_connection:Remote response: status=200 | data={"value":null} | headers=HTTPHeaderDict({'Content-Length': '14', 'Content-Type': 'application/json; charset=utf-8', 'cache-control': 'no-cache'})
DEBUG:selenium.webdriver.remote.remote_connection:Finished Request
INFO:root:Browser chrome on 'https://www.saucedemo.com/' page PREPARED
INFO:root:Testing login user 'standard_user' 'secret_sauce' ...
DEBUG:selenium.webdriver.remote.remote_connection:POST http://localhost:55835/session/b37666a9e167ae51d2935e898a111799/element {'using': 'css selector', 'value': '[id="user-name"]'}
DEBUG:urllib3.connectionpool:http://localhost:55835 "POST /session/b37666a9e167ae51d2935e898a111799/element HTTP/1.1" 200 0
DEBUG:selenium.webdriver.remote.remote_connection:Remote response: status=200 | data={"value":{"element-6066-11e4-a52e-4f735466cecf":"f.F2D2BC9F8883692D7D8C6F999A79DBC1.d.9A100C286C1340DE612D17080FF49C13.e.3"}} | headers=HTTPHeaderDict({'Content-Length': '125', 'Content-Type': 'application/json; charset=utf-8', 'cache-control': 'no-cache'})
DEBUG:selenium.webdriver.remote.remote_connection:Finished Request
DEBUG:selenium.webdriver.remote.remote_connection:POST http://localhost:55835/session/b37666a9e167ae51d2935e898a111799/element/f.F2D2BC9F8883692D7D8C6F999A79DBC1.d.9A100C286C1340DE612D17080FF49C13.e.3/value {'text': 'standard_user', 'value': ['s', 't', 'a', 'n', 'd', 'a', 'r', 'd', '_', 'u', 's', 'e', 'r']}
DEBUG:urllib3.connectionpool:http://localhost:55835 "POST /session/b37666a9e167ae51d2935e898a111799/element/f.F2D2BC9F8883692D7D8C6F999A79DBC1.d.9A100C286C1340DE612D17080FF49C13.e.3/value HTTP/1.1" 200 0
DEBUG:selenium.webdriver.remote.remote_connection:Remote response: status=200 | data={"value":null} | headers=HTTPHeaderDict({'Content-Length': '14', 'Content-Type': 'application/json; charset=utf-8', 'cache-control': 'no-cache'})
DEBUG:selenium.webdriver.remote.remote_connection:Finished Request
DEBUG:selenium.webdriver.remote.remote_connection:POST http://localhost:55835/session/b37666a9e167ae51d2935e898a111799/element {'using': 'css selector', 'value': '[id="password"]'}
DEBUG:urllib3.connectionpool:http://localhost:55835 "POST /session/b37666a9e167ae51d2935e898a111799/element HTTP/1.1" 200 0
DEBUG:selenium.webdriver.remote.remote_connection:Remote response: status=200 | data={"value":{"element-6066-11e4-a52e-4f735466cecf":"f.F2D2BC9F8883692D7D8C6F999A79DBC1.d.9A100C286C1340DE612D17080FF49C13.e.4"}} | headers=HTTPHeaderDict({'Content-Length': '125', 'Content-Type': 'application/json; charset=utf-8', 'cache-control': 'no-cache'})
DEBUG:selenium.webdriver.remote.remote_connection:Finished Request
DEBUG:selenium.webdriver.remote.remote_connection:POST http://localhost:55835/session/b37666a9e167ae51d2935e898a111799/element/f.F2D2BC9F8883692D7D8C6F999A79DBC1.d.9A100C286C1340DE612D17080FF49C13.e.4/value {'text': 'secret_sauce', 'value': ['s', 'e', 'c', 'r', 'e', 't', '_', 's', 'a', 'u', 'c', 'e']}
DEBUG:urllib3.connectionpool:http://localhost:55835 "POST /session/b37666a9e167ae51d2935e898a111799/element/f.F2D2BC9F8883692D7D8C6F999A79DBC1.d.9A100C286C1340DE612D17080FF49C13.e.4/value HTTP/1.1" 200 0
DEBUG:selenium.webdriver.remote.remote_connection:Remote response: status=200 | data={"value":null} | headers=HTTPHeaderDict({'Content-Length': '14', 'Content-Type': 'application/json; charset=utf-8', 'cache-control': 'no-cache'})
DEBUG:selenium.webdriver.remote.remote_connection:Finished Request
DEBUG:selenium.webdriver.remote.remote_connection:POST http://localhost:55835/session/b37666a9e167ae51d2935e898a111799/element {'using': 'css selector', 'value': '[id="login-button"]'}
DEBUG:urllib3.connectionpool:http://localhost:55835 "POST /session/b37666a9e167ae51d2935e898a111799/element HTTP/1.1" 200 0
DEBUG:selenium.webdriver.remote.remote_connection:Remote response: status=200 | data={"value":{"element-6066-11e4-a52e-4f735466cecf":"f.F2D2BC9F8883692D7D8C6F999A79DBC1.d.9A100C286C1340DE612D17080FF49C13.e.5"}} | headers=HTTPHeaderDict({'Content-Length': '125', 'Content-Type': 'application/json; charset=utf-8', 'cache-control': 'no-cache'})
DEBUG:selenium.webdriver.remote.remote_connection:Finished Request
DEBUG:selenium.webdriver.remote.remote_connection:POST http://localhost:55835/session/b37666a9e167ae51d2935e898a111799/element/f.F2D2BC9F8883692D7D8C6F999A79DBC1.d.9A100C286C1340DE612D17080FF49C13.e.5/click {}
DEBUG:urllib3.connectionpool:http://localhost:55835 "POST /session/b37666a9e167ae51d2935e898a111799/element/f.F2D2BC9F8883692D7D8C6F999A79DBC1.d.9A100C286C1340DE612D17080FF49C13.e.5/click HTTP/1.1" 200 0
DEBUG:selenium.webdriver.remote.remote_connection:Remote response: status=200 | data={"value":null} | headers=HTTPHeaderDict({'Content-Length': '14', 'Content-Type': 'application/json; charset=utf-8', 'cache-control': 'no-cache'})
DEBUG:selenium.webdriver.remote.remote_connection:Finished Request
DEBUG:selenium.webdriver.remote.remote_connection:GET http://localhost:55835/session/b37666a9e167ae51d2935e898a111799/url {}
DEBUG:urllib3.connectionpool:http://localhost:55835 "GET /session/b37666a9e167ae51d2935e898a111799/url HTTP/1.1" 200 0
DEBUG:selenium.webdriver.remote.remote_connection:Remote response: status=200 | data={"value":"https://www.saucedemo.com/inventory.html"} | headers=HTTPHeaderDict({'Content-Length': '52', 'Content-Type': 'application/json; charset=utf-8', 'cache-control': 'no-cache'})
DEBUG:selenium.webdriver.remote.remote_connection:Finished Request
INFO:root:Test login user 'standard_user' 'secret_sauce' PASSED
INFO:root:Testing cart badge behavior ...
DEBUG:selenium.webdriver.remote.remote_connection:POST http://localhost:55835/session/b37666a9e167ae51d2935e898a111799/elements {'using': 'xpath', 'value': "//button[text()='Add to cart']"}
DEBUG:urllib3.connectionpool:http://localhost:55835 "POST /session/b37666a9e167ae51d2935e898a111799/elements HTTP/1.1" 200 0
DEBUG:selenium.webdriver.remote.remote_connection:Remote response: status=200 | data={"value":[{"element-6066-11e4-a52e-4f735466cecf":"f.F2D2BC9F8883692D7D8C6F999A79DBC1.d.9A100C286C1340DE612D17080FF49C13.e.29"},{"element-6066-11e4-a52e-4f735466cecf":"f.F2D2BC9F8883692D7D8C6F999A79DBC1.d.9A100C286C1340DE612D17080FF49C13.e.30"},{"element-6066-11e4-a52e-4f735466cecf":"f.F2D2BC9F8883692D7D8C6F999A79DBC1.d.9A100C286C1340DE612D17080FF49C13.e.31"},{"element-6066-11e4-a52e-4f735466cecf":"f.F2D2BC9F8883692D7D8C6F999A79DBC1.d.9A100C286C1340DE612D17080FF49C13.e.32"},{"element-6066-11e4-a52e-4f735466cecf":"f.F2D2BC9F8883692D7D8C6F999A79DBC1.d.9A100C286C1340DE612D17080FF49C13.e.33"},{"element-6066-11e4-a52e-4f735466cecf":"f.F2D2BC9F8883692D7D8C6F999A79DBC1.d.9A100C286C1340DE612D17080FF49C13.e.34"}]} | headers=HTTPHeaderDict({'Content-Length': '713', 'Content-Type': 'application/json; charset=utf-8', 'cache-control': 'no-cache'})
DEBUG:selenium.webdriver.remote.remote_connection:Finished Request
DEBUG:root:Was selected  '4' items to add to cart.
DEBUG:selenium.webdriver.remote.remote_connection:POST http://localhost:55835/session/b37666a9e167ae51d2935e898a111799/element/f.F2D2BC9F8883692D7D8C6F999A79DBC1.d.9A100C286C1340DE612D17080FF49C13.e.31/click {}
DEBUG:urllib3.connectionpool:http://localhost:55835 "POST /session/b37666a9e167ae51d2935e898a111799/element/f.F2D2BC9F8883692D7D8C6F999A79DBC1.d.9A100C286C1340DE612D17080FF49C13.e.31/click HTTP/1.1" 200 0
DEBUG:selenium.webdriver.remote.remote_connection:Remote response: status=200 | data={"value":null} | headers=HTTPHeaderDict({'Content-Length': '14', 'Content-Type': 'application/json; charset=utf-8', 'cache-control': 'no-cache'})
DEBUG:selenium.webdriver.remote.remote_connection:Finished Request
DEBUG:root:Item  '<selenium.webdriver.remote.webelement.WebElement (session="b37666a9e167ae51d2935e898a111799", element="f.F2D2BC9F8883692D7D8C6F999A79DBC1.d.9A100C286C1340DE612D17080FF49C13.e.31")>' was added to cart.
DEBUG:selenium.webdriver.remote.remote_connection:POST http://localhost:55835/session/b37666a9e167ae51d2935e898a111799/element/f.F2D2BC9F8883692D7D8C6F999A79DBC1.d.9A100C286C1340DE612D17080FF49C13.e.29/click {}
DEBUG:urllib3.connectionpool:http://localhost:55835 "POST /session/b37666a9e167ae51d2935e898a111799/element/f.F2D2BC9F8883692D7D8C6F999A79DBC1.d.9A100C286C1340DE612D17080FF49C13.e.29/click HTTP/1.1" 200 0
DEBUG:selenium.webdriver.remote.remote_connection:Remote response: status=200 | data={"value":null} | headers=HTTPHeaderDict({'Content-Length': '14', 'Content-Type': 'application/json; charset=utf-8', 'cache-control': 'no-cache'})
DEBUG:selenium.webdriver.remote.remote_connection:Finished Request
DEBUG:root:Item  '<selenium.webdriver.remote.webelement.WebElement (session="b37666a9e167ae51d2935e898a111799", element="f.F2D2BC9F8883692D7D8C6F999A79DBC1.d.9A100C286C1340DE612D17080FF49C13.e.29")>' was added to cart.
DEBUG:selenium.webdriver.remote.remote_connection:POST http://localhost:55835/session/b37666a9e167ae51d2935e898a111799/element/f.F2D2BC9F8883692D7D8C6F999A79DBC1.d.9A100C286C1340DE612D17080FF49C13.e.32/click {}
DEBUG:urllib3.connectionpool:http://localhost:55835 "POST /session/b37666a9e167ae51d2935e898a111799/element/f.F2D2BC9F8883692D7D8C6F999A79DBC1.d.9A100C286C1340DE612D17080FF49C13.e.32/click HTTP/1.1" 200 0
DEBUG:selenium.webdriver.remote.remote_connection:Remote response: status=200 | data={"value":null} | headers=HTTPHeaderDict({'Content-Length': '14', 'Content-Type': 'application/json; charset=utf-8', 'cache-control': 'no-cache'})
DEBUG:selenium.webdriver.remote.remote_connection:Finished Request
DEBUG:root:Item  '<selenium.webdriver.remote.webelement.WebElement (session="b37666a9e167ae51d2935e898a111799", element="f.F2D2BC9F8883692D7D8C6F999A79DBC1.d.9A100C286C1340DE612D17080FF49C13.e.32")>' was added to cart.
DEBUG:selenium.webdriver.remote.remote_connection:POST http://localhost:55835/session/b37666a9e167ae51d2935e898a111799/element/f.F2D2BC9F8883692D7D8C6F999A79DBC1.d.9A100C286C1340DE612D17080FF49C13.e.34/click {}
DEBUG:urllib3.connectionpool:http://localhost:55835 "POST /session/b37666a9e167ae51d2935e898a111799/element/f.F2D2BC9F8883692D7D8C6F999A79DBC1.d.9A100C286C1340DE612D17080FF49C13.e.34/click HTTP/1.1" 200 0
DEBUG:selenium.webdriver.remote.remote_connection:Remote response: status=200 | data={"value":null} | headers=HTTPHeaderDict({'Content-Length': '14', 'Content-Type': 'application/json; charset=utf-8', 'cache-control': 'no-cache'})
DEBUG:selenium.webdriver.remote.remote_connection:Finished Request
DEBUG:root:Item  '<selenium.webdriver.remote.webelement.WebElement (session="b37666a9e167ae51d2935e898a111799", element="f.F2D2BC9F8883692D7D8C6F999A79DBC1.d.9A100C286C1340DE612D17080FF49C13.e.34")>' was added to cart.
DEBUG:selenium.webdriver.remote.remote_connection:POST http://localhost:55835/session/b37666a9e167ae51d2935e898a111799/element {'using': 'css selector', 'value': '.shopping_cart_badge'}
DEBUG:urllib3.connectionpool:http://localhost:55835 "POST /session/b37666a9e167ae51d2935e898a111799/element HTTP/1.1" 200 0
DEBUG:selenium.webdriver.remote.remote_connection:Remote response: status=200 | data={"value":{"element-6066-11e4-a52e-4f735466cecf":"f.F2D2BC9F8883692D7D8C6F999A79DBC1.d.9A100C286C1340DE612D17080FF49C13.e.43"}} | headers=HTTPHeaderDict({'Content-Length': '126', 'Content-Type': 'application/json; charset=utf-8', 'cache-control': 'no-cache'})
DEBUG:selenium.webdriver.remote.remote_connection:Finished Request
DEBUG:selenium.webdriver.remote.remote_connection:GET http://localhost:55835/session/b37666a9e167ae51d2935e898a111799/element/f.F2D2BC9F8883692D7D8C6F999A79DBC1.d.9A100C286C1340DE612D17080FF49C13.e.43/text {}
DEBUG:urllib3.connectionpool:http://localhost:55835 "GET /session/b37666a9e167ae51d2935e898a111799/element/f.F2D2BC9F8883692D7D8C6F999A79DBC1.d.9A100C286C1340DE612D17080FF49C13.e.43/text HTTP/1.1" 200 0
DEBUG:selenium.webdriver.remote.remote_connection:Remote response: status=200 | data={"value":"4"} | headers=HTTPHeaderDict({'Content-Length': '13', 'Content-Type': 'application/json; charset=utf-8', 'cache-control': 'no-cache'})
DEBUG:selenium.webdriver.remote.remote_connection:Finished Request
DEBUG:selenium.webdriver.remote.remote_connection:POST http://localhost:55835/session/b37666a9e167ae51d2935e898a111799/elements {'using': 'xpath', 'value': "//button[text()='Remove']"}
DEBUG:urllib3.connectionpool:http://localhost:55835 "POST /session/b37666a9e167ae51d2935e898a111799/elements HTTP/1.1" 200 0
DEBUG:selenium.webdriver.remote.remote_connection:Remote response: status=200 | data={"value":[{"element-6066-11e4-a52e-4f735466cecf":"f.F2D2BC9F8883692D7D8C6F999A79DBC1.d.9A100C286C1340DE612D17080FF49C13.e.36"},{"element-6066-11e4-a52e-4f735466cecf":"f.F2D2BC9F8883692D7D8C6F999A79DBC1.d.9A100C286C1340DE612D17080FF49C13.e.35"},{"element-6066-11e4-a52e-4f735466cecf":"f.F2D2BC9F8883692D7D8C6F999A79DBC1.d.9A100C286C1340DE612D17080FF49C13.e.39"},{"element-6066-11e4-a52e-4f735466cecf":"f.F2D2BC9F8883692D7D8C6F999A79DBC1.d.9A100C286C1340DE612D17080FF49C13.e.42"}]} | headers=HTTPHeaderDict({'Content-Length': '479', 'Content-Type': 'application/json; charset=utf-8', 'cache-control': 'no-cache'})
DEBUG:selenium.webdriver.remote.remote_connection:Finished Request
DEBUG:selenium.webdriver.remote.remote_connection:POST http://localhost:55835/session/b37666a9e167ae51d2935e898a111799/element/f.F2D2BC9F8883692D7D8C6F999A79DBC1.d.9A100C286C1340DE612D17080FF49C13.e.36/click {}
DEBUG:urllib3.connectionpool:http://localhost:55835 "POST /session/b37666a9e167ae51d2935e898a111799/element/f.F2D2BC9F8883692D7D8C6F999A79DBC1.d.9A100C286C1340DE612D17080FF49C13.e.36/click HTTP/1.1" 200 0
DEBUG:selenium.webdriver.remote.remote_connection:Remote response: status=200 | data={"value":null} | headers=HTTPHeaderDict({'Content-Length': '14', 'Content-Type': 'application/json; charset=utf-8', 'cache-control': 'no-cache'})
DEBUG:selenium.webdriver.remote.remote_connection:Finished Request
DEBUG:selenium.webdriver.remote.remote_connection:POST http://localhost:55835/session/b37666a9e167ae51d2935e898a111799/element {'using': 'css selector', 'value': '.shopping_cart_badge'}
DEBUG:urllib3.connectionpool:http://localhost:55835 "POST /session/b37666a9e167ae51d2935e898a111799/element HTTP/1.1" 200 0
DEBUG:selenium.webdriver.remote.remote_connection:Remote response: status=200 | data={"value":{"element-6066-11e4-a52e-4f735466cecf":"f.F2D2BC9F8883692D7D8C6F999A79DBC1.d.9A100C286C1340DE612D17080FF49C13.e.43"}} | headers=HTTPHeaderDict({'Content-Length': '126', 'Content-Type': 'application/json; charset=utf-8', 'cache-control': 'no-cache'})
DEBUG:selenium.webdriver.remote.remote_connection:Finished Request
DEBUG:selenium.webdriver.remote.remote_connection:GET http://localhost:55835/session/b37666a9e167ae51d2935e898a111799/element/f.F2D2BC9F8883692D7D8C6F999A79DBC1.d.9A100C286C1340DE612D17080FF49C13.e.43/text {}
DEBUG:urllib3.connectionpool:http://localhost:55835 "GET /session/b37666a9e167ae51d2935e898a111799/element/f.F2D2BC9F8883692D7D8C6F999A79DBC1.d.9A100C286C1340DE612D17080FF49C13.e.43/text HTTP/1.1" 200 0
DEBUG:selenium.webdriver.remote.remote_connection:Remote response: status=200 | data={"value":"3"} | headers=HTTPHeaderDict({'Content-Length': '13', 'Content-Type': 'application/json; charset=utf-8', 'cache-control': 'no-cache'})
DEBUG:selenium.webdriver.remote.remote_connection:Finished Request
DEBUG:root:Item  '<selenium.webdriver.remote.webelement.WebElement (session="b37666a9e167ae51d2935e898a111799", element="f.F2D2BC9F8883692D7D8C6F999A79DBC1.d.9A100C286C1340DE612D17080FF49C13.e.36")>' was correctly removed from the cart.
DEBUG:selenium.webdriver.remote.remote_connection:POST http://localhost:55835/session/b37666a9e167ae51d2935e898a111799/element/f.F2D2BC9F8883692D7D8C6F999A79DBC1.d.9A100C286C1340DE612D17080FF49C13.e.35/click {}
DEBUG:urllib3.connectionpool:http://localhost:55835 "POST /session/b37666a9e167ae51d2935e898a111799/element/f.F2D2BC9F8883692D7D8C6F999A79DBC1.d.9A100C286C1340DE612D17080FF49C13.e.35/click HTTP/1.1" 200 0
DEBUG:selenium.webdriver.remote.remote_connection:Remote response: status=200 | data={"value":null} | headers=HTTPHeaderDict({'Content-Length': '14', 'Content-Type': 'application/json; charset=utf-8', 'cache-control': 'no-cache'})
DEBUG:selenium.webdriver.remote.remote_connection:Finished Request
DEBUG:selenium.webdriver.remote.remote_connection:POST http://localhost:55835/session/b37666a9e167ae51d2935e898a111799/element {'using': 'css selector', 'value': '.shopping_cart_badge'}
DEBUG:urllib3.connectionpool:http://localhost:55835 "POST /session/b37666a9e167ae51d2935e898a111799/element HTTP/1.1" 200 0
DEBUG:selenium.webdriver.remote.remote_connection:Remote response: status=200 | data={"value":{"element-6066-11e4-a52e-4f735466cecf":"f.F2D2BC9F8883692D7D8C6F999A79DBC1.d.9A100C286C1340DE612D17080FF49C13.e.43"}} | headers=HTTPHeaderDict({'Content-Length': '126', 'Content-Type': 'application/json; charset=utf-8', 'cache-control': 'no-cache'})
DEBUG:selenium.webdriver.remote.remote_connection:Finished Request
DEBUG:selenium.webdriver.remote.remote_connection:GET http://localhost:55835/session/b37666a9e167ae51d2935e898a111799/element/f.F2D2BC9F8883692D7D8C6F999A79DBC1.d.9A100C286C1340DE612D17080FF49C13.e.43/text {}
DEBUG:urllib3.connectionpool:http://localhost:55835 "GET /session/b37666a9e167ae51d2935e898a111799/element/f.F2D2BC9F8883692D7D8C6F999A79DBC1.d.9A100C286C1340DE612D17080FF49C13.e.43/text HTTP/1.1" 200 0
DEBUG:selenium.webdriver.remote.remote_connection:Remote response: status=200 | data={"value":"2"} | headers=HTTPHeaderDict({'Content-Length': '13', 'Content-Type': 'application/json; charset=utf-8', 'cache-control': 'no-cache'})
DEBUG:selenium.webdriver.remote.remote_connection:Finished Request
DEBUG:root:Item  '<selenium.webdriver.remote.webelement.WebElement (session="b37666a9e167ae51d2935e898a111799", element="f.F2D2BC9F8883692D7D8C6F999A79DBC1.d.9A100C286C1340DE612D17080FF49C13.e.35")>' was correctly removed from the cart.
DEBUG:selenium.webdriver.remote.remote_connection:POST http://localhost:55835/session/b37666a9e167ae51d2935e898a111799/element/f.F2D2BC9F8883692D7D8C6F999A79DBC1.d.9A100C286C1340DE612D17080FF49C13.e.39/click {}
DEBUG:urllib3.connectionpool:http://localhost:55835 "POST /session/b37666a9e167ae51d2935e898a111799/element/f.F2D2BC9F8883692D7D8C6F999A79DBC1.d.9A100C286C1340DE612D17080FF49C13.e.39/click HTTP/1.1" 200 0
DEBUG:selenium.webdriver.remote.remote_connection:Remote response: status=200 | data={"value":null} | headers=HTTPHeaderDict({'Content-Length': '14', 'Content-Type': 'application/json; charset=utf-8', 'cache-control': 'no-cache'})
DEBUG:selenium.webdriver.remote.remote_connection:Finished Request
DEBUG:selenium.webdriver.remote.remote_connection:POST http://localhost:55835/session/b37666a9e167ae51d2935e898a111799/element {'using': 'css selector', 'value': '.shopping_cart_badge'}
DEBUG:urllib3.connectionpool:http://localhost:55835 "POST /session/b37666a9e167ae51d2935e898a111799/element HTTP/1.1" 200 0
DEBUG:selenium.webdriver.remote.remote_connection:Remote response: status=200 | data={"value":{"element-6066-11e4-a52e-4f735466cecf":"f.F2D2BC9F8883692D7D8C6F999A79DBC1.d.9A100C286C1340DE612D17080FF49C13.e.43"}} | headers=HTTPHeaderDict({'Content-Length': '126', 'Content-Type': 'application/json; charset=utf-8', 'cache-control': 'no-cache'})
DEBUG:selenium.webdriver.remote.remote_connection:Finished Request
DEBUG:selenium.webdriver.remote.remote_connection:GET http://localhost:55835/session/b37666a9e167ae51d2935e898a111799/element/f.F2D2BC9F8883692D7D8C6F999A79DBC1.d.9A100C286C1340DE612D17080FF49C13.e.43/text {}
DEBUG:urllib3.connectionpool:http://localhost:55835 "GET /session/b37666a9e167ae51d2935e898a111799/element/f.F2D2BC9F8883692D7D8C6F999A79DBC1.d.9A100C286C1340DE612D17080FF49C13.e.43/text HTTP/1.1" 200 0
DEBUG:selenium.webdriver.remote.remote_connection:Remote response: status=200 | data={"value":"1"} | headers=HTTPHeaderDict({'Content-Length': '13', 'Content-Type': 'application/json; charset=utf-8', 'cache-control': 'no-cache'})
DEBUG:selenium.webdriver.remote.remote_connection:Finished Request
DEBUG:root:Item  '<selenium.webdriver.remote.webelement.WebElement (session="b37666a9e167ae51d2935e898a111799", element="f.F2D2BC9F8883692D7D8C6F999A79DBC1.d.9A100C286C1340DE612D17080FF49C13.e.39")>' was correctly removed from the cart.
DEBUG:selenium.webdriver.remote.remote_connection:POST http://localhost:55835/session/b37666a9e167ae51d2935e898a111799/element/f.F2D2BC9F8883692D7D8C6F999A79DBC1.d.9A100C286C1340DE612D17080FF49C13.e.42/click {}
DEBUG:urllib3.connectionpool:http://localhost:55835 "POST /session/b37666a9e167ae51d2935e898a111799/element/f.F2D2BC9F8883692D7D8C6F999A79DBC1.d.9A100C286C1340DE612D17080FF49C13.e.42/click HTTP/1.1" 200 0
DEBUG:selenium.webdriver.remote.remote_connection:Remote response: status=200 | data={"value":null} | headers=HTTPHeaderDict({'Content-Length': '14', 'Content-Type': 'application/json; charset=utf-8', 'cache-control': 'no-cache'})
DEBUG:selenium.webdriver.remote.remote_connection:Finished Request
DEBUG:selenium.webdriver.remote.remote_connection:POST http://localhost:55835/session/b37666a9e167ae51d2935e898a111799/elements {'using': 'css selector', 'value': '.shopping_cart_badge'}
DEBUG:urllib3.connectionpool:http://localhost:55835 "POST /session/b37666a9e167ae51d2935e898a111799/elements HTTP/1.1" 200 0
DEBUG:selenium.webdriver.remote.remote_connection:Remote response: status=200 | data={"value":[]} | headers=HTTPHeaderDict({'Content-Length': '12', 'Content-Type': 'application/json; charset=utf-8', 'cache-control': 'no-cache'})
DEBUG:selenium.webdriver.remote.remote_connection:Finished Request
DEBUG:root:Item  '<selenium.webdriver.remote.webelement.WebElement (session="b37666a9e167ae51d2935e898a111799", element="f.F2D2BC9F8883692D7D8C6F999A79DBC1.d.9A100C286C1340DE612D17080FF49C13.e.42")>' was correctly removed from the cart.
INFO:root:Test cart badge behavior PASSED
INFO:root:Testing logout user ...
DEBUG:selenium.webdriver.remote.remote_connection:POST http://localhost:55835/session/b37666a9e167ae51d2935e898a111799/element {'using': 'css selector', 'value': '[id="react-burger-menu-btn"]'}
DEBUG:urllib3.connectionpool:http://localhost:55835 "POST /session/b37666a9e167ae51d2935e898a111799/element HTTP/1.1" 200 0
DEBUG:selenium.webdriver.remote.remote_connection:Remote response: status=200 | data={"value":{"element-6066-11e4-a52e-4f735466cecf":"f.F2D2BC9F8883692D7D8C6F999A79DBC1.d.9A100C286C1340DE612D17080FF49C13.e.15"}} | headers=HTTPHeaderDict({'Content-Length': '126', 'Content-Type': 'application/json; charset=utf-8', 'cache-control': 'no-cache'})
DEBUG:selenium.webdriver.remote.remote_connection:Finished Request
DEBUG:selenium.webdriver.remote.remote_connection:POST http://localhost:55835/session/b37666a9e167ae51d2935e898a111799/element/f.F2D2BC9F8883692D7D8C6F999A79DBC1.d.9A100C286C1340DE612D17080FF49C13.e.15/click {}
DEBUG:urllib3.connectionpool:http://localhost:55835 "POST /session/b37666a9e167ae51d2935e898a111799/element/f.F2D2BC9F8883692D7D8C6F999A79DBC1.d.9A100C286C1340DE612D17080FF49C13.e.15/click HTTP/1.1" 200 0
DEBUG:selenium.webdriver.remote.remote_connection:Remote response: status=200 | data={"value":null} | headers=HTTPHeaderDict({'Content-Length': '14', 'Content-Type': 'application/json; charset=utf-8', 'cache-control': 'no-cache'})
DEBUG:selenium.webdriver.remote.remote_connection:Finished Request
DEBUG:selenium.webdriver.remote.remote_connection:POST http://localhost:55835/session/b37666a9e167ae51d2935e898a111799/element {'using': 'xpath', 'value': "//nav/*[text()='Logout']"}
DEBUG:urllib3.connectionpool:http://localhost:55835 "POST /session/b37666a9e167ae51d2935e898a111799/element HTTP/1.1" 200 0
DEBUG:selenium.webdriver.remote.remote_connection:Remote response: status=200 | data={"value":{"element-6066-11e4-a52e-4f735466cecf":"f.F2D2BC9F8883692D7D8C6F999A79DBC1.d.9A100C286C1340DE612D17080FF49C13.e.73"}} | headers=HTTPHeaderDict({'Content-Length': '126', 'Content-Type': 'application/json; charset=utf-8', 'cache-control': 'no-cache'})
DEBUG:selenium.webdriver.remote.remote_connection:Finished Request
DEBUG:selenium.webdriver.remote.remote_connection:POST http://localhost:55835/session/b37666a9e167ae51d2935e898a111799/execute/sync {'script': '/* isDisplayed */return (function(){return (function(){var g=this||self;\nfunction aa(a){var b=typeof...', 'args': [{'element-6066-11e4-a52e-4f735466cecf': 'f.F2D2BC9F8883692D7D8C6F999A79DBC1.d.9A100C286C1340DE612D17080FF49C13.e.73'}]}
DEBUG:urllib3.connectionpool:http://localhost:55835 "POST /session/b37666a9e167ae51d2935e898a111799/execute/sync HTTP/1.1" 200 0
DEBUG:selenium.webdriver.remote.remote_connection:Remote response: status=200 | data={"value":true} | headers=HTTPHeaderDict({'Content-Length': '14', 'Content-Type': 'application/json; charset=utf-8', 'cache-control': 'no-cache'})
DEBUG:selenium.webdriver.remote.remote_connection:Finished Request
DEBUG:selenium.webdriver.remote.remote_connection:POST http://localhost:55835/session/b37666a9e167ae51d2935e898a111799/element/f.F2D2BC9F8883692D7D8C6F999A79DBC1.d.9A100C286C1340DE612D17080FF49C13.e.73/click {}
DEBUG:urllib3.connectionpool:http://localhost:55835 "POST /session/b37666a9e167ae51d2935e898a111799/element/f.F2D2BC9F8883692D7D8C6F999A79DBC1.d.9A100C286C1340DE612D17080FF49C13.e.73/click HTTP/1.1" 200 0
DEBUG:selenium.webdriver.remote.remote_connection:Remote response: status=200 | data={"value":null} | headers=HTTPHeaderDict({'Content-Length': '14', 'Content-Type': 'application/json; charset=utf-8', 'cache-control': 'no-cache'})
DEBUG:selenium.webdriver.remote.remote_connection:Finished Request
DEBUG:selenium.webdriver.remote.remote_connection:POST http://localhost:55835/session/b37666a9e167ae51d2935e898a111799/element {'using': 'css selector', 'value': '[id="login-button"]'}
DEBUG:urllib3.connectionpool:http://localhost:55835 "POST /session/b37666a9e167ae51d2935e898a111799/element HTTP/1.1" 200 0
DEBUG:selenium.webdriver.remote.remote_connection:Remote response: status=200 | data={"value":{"element-6066-11e4-a52e-4f735466cecf":"f.F2D2BC9F8883692D7D8C6F999A79DBC1.d.9A100C286C1340DE612D17080FF49C13.e.77"}} | headers=HTTPHeaderDict({'Content-Length': '126', 'Content-Type': 'application/json; charset=utf-8', 'cache-control': 'no-cache'})
DEBUG:selenium.webdriver.remote.remote_connection:Finished Request
INFO:root:Test logout user PASSED
DEBUG:selenium.webdriver.remote.remote_connection:DELETE http://localhost:55835/session/b37666a9e167ae51d2935e898a111799 {}
DEBUG:urllib3.connectionpool:http://localhost:55835 "DELETE /session/b37666a9e167ae51d2935e898a111799 HTTP/1.1" 200 0
DEBUG:selenium.webdriver.remote.remote_connection:Remote response: status=200 | data={"value":null} | headers=HTTPHeaderDict({'Content-Length': '14', 'Content-Type': 'application/json; charset=utf-8', 'cache-control': 'no-cache'})
DEBUG:selenium.webdriver.remote.remote_connection:Finished Request
INFO:root:Preparing browser chrome on page 'https://www.saucedemo.com/'...
DEBUG:selenium.webdriver.common.selenium_manager:Selenium Manager binary found at: C:\PUBLIC_GIT\2025_spring_saucedemo_tstcourse\.venv\Lib\site-packages\selenium\webdriver\common\windows\selenium-manager.exe
DEBUG:selenium.webdriver.common.selenium_manager:Executing process: C:\PUBLIC_GIT\2025_spring_saucedemo_tstcourse\.venv\Lib\site-packages\selenium\webdriver\common\windows\selenium-manager.exe --browser chrome --debug --language-binding python --output json
DEBUG:selenium.webdriver.common.selenium_manager:chromedriver not found in PATH
DEBUG:selenium.webdriver.common.selenium_manager:chrome detected at C:\Program Files\Google\Chrome\Application\chrome.exe
DEBUG:selenium.webdriver.common.selenium_manager:Running command: wmic datafile where name='C:\\Program Files\\Google\\Chrome\\Application\\chrome.exe' get Version /value
DEBUG:selenium.webdriver.common.selenium_manager:Output: "\r\r\n\r\r\nVersion=135.0.7049.85\r\r\n\r\r\n\r\r\n\r"
DEBUG:selenium.webdriver.common.selenium_manager:Detected browser: chrome 135.0.7049.85
DEBUG:selenium.webdriver.common.selenium_manager:Required driver: chromedriver 135.0.7049.84
DEBUG:selenium.webdriver.common.selenium_manager:chromedriver 135.0.7049.84 already in the cache
DEBUG:selenium.webdriver.common.selenium_manager:Driver path: C:\Users\Dáša\.cache\selenium\chromedriver\win64\135.0.7049.84\chromedriver.exe
DEBUG:selenium.webdriver.common.selenium_manager:Browser path: C:\Program Files\Google\Chrome\Application\chrome.exe
DEBUG:selenium.webdriver.common.service:Started executable: `C:\Users\Dáša\.cache\selenium\chromedriver\win64\135.0.7049.84\chromedriver.exe` in a child process with pid: 24392 using 0 to output -3
DEBUG:selenium.webdriver.remote.remote_connection:POST http://localhost:55936/session {'capabilities': {'firstMatch': [{}], 'alwaysMatch': {'browserName': 'chrome', 'pageLoadStrategy': <PageLoadStrategy.normal: 'normal'>, 'browserVersion': None, 'goog:chromeOptions': {'extensions': [], 'binary': 'C:\\Program Files\\Google\\Chrome\\Application\\chrome.exe', 'args': []}}}}
DEBUG:urllib3.connectionpool:Starting new HTTP connection (1): localhost:55936
DEBUG:urllib3.connectionpool:http://localhost:55936 "POST /session HTTP/1.1" 200 0
DEBUG:selenium.webdriver.remote.remote_connection:Remote response: status=200 | data={"value":{"capabilities":{"acceptInsecureCerts":false,"browserName":"chrome","browserVersion":"135.0.7049.85","chrome":{"chromedriverVersion":"135.0.7049.84 (6c019e56001911b3fd467e03bf68c435924d62f4-refs/branch-heads/7049@{#1778})","userDataDir":"C:\\Users\\DA1815~1\\AppData\\Local\\Temp\\scoped_dir24392_1107355339"},"fedcm:accounts":true,"goog:chromeOptions":{"debuggerAddress":"localhost:55939"},"networkConnectionEnabled":false,"pageLoadStrategy":"normal","platformName":"windows","proxy":{},"setWindowRect":true,"strictFileInteractability":false,"timeouts":{"implicit":0,"pageLoad":300000,"script":30000},"unhandledPromptBehavior":"dismiss and notify","webauthn:extension:credBlob":true,"webauthn:extension:largeBlob":true,"webauthn:extension:minPinLength":true,"webauthn:extension:prf":true,"webauthn:virtualAuthenticators":true},"sessionId":"df6196a93a4739c304725107291935b0"}} | headers=HTTPHeaderDict({'Content-Length': '885', 'Content-Type': 'application/json; charset=utf-8', 'cache-control': 'no-cache'})
DEBUG:selenium.webdriver.remote.remote_connection:Finished Request
DEBUG:selenium.webdriver.remote.remote_connection:POST http://localhost:55936/session/df6196a93a4739c304725107291935b0/url {'url': 'https://www.saucedemo.com/'}
DEBUG:urllib3.connectionpool:http://localhost:55936 "POST /session/df6196a93a4739c304725107291935b0/url HTTP/1.1" 200 0
DEBUG:selenium.webdriver.remote.remote_connection:Remote response: status=200 | data={"value":null} | headers=HTTPHeaderDict({'Content-Length': '14', 'Content-Type': 'application/json; charset=utf-8', 'cache-control': 'no-cache'})
DEBUG:selenium.webdriver.remote.remote_connection:Finished Request
INFO:root:Browser chrome on 'https://www.saucedemo.com/' page PREPARED
INFO:root:Testing login user 'standard_user' 'secret_sauce' ...
DEBUG:selenium.webdriver.remote.remote_connection:POST http://localhost:55936/session/df6196a93a4739c304725107291935b0/element {'using': 'css selector', 'value': '[id="user-name"]'}
DEBUG:urllib3.connectionpool:http://localhost:55936 "POST /session/df6196a93a4739c304725107291935b0/element HTTP/1.1" 200 0
DEBUG:selenium.webdriver.remote.remote_connection:Remote response: status=200 | data={"value":{"element-6066-11e4-a52e-4f735466cecf":"f.0FFD1D753A842786D5314B6C30446391.d.8629654115025EEAD5A3906A4DBEC6BA.e.3"}} | headers=HTTPHeaderDict({'Content-Length': '125', 'Content-Type': 'application/json; charset=utf-8', 'cache-control': 'no-cache'})
DEBUG:selenium.webdriver.remote.remote_connection:Finished Request
DEBUG:selenium.webdriver.remote.remote_connection:POST http://localhost:55936/session/df6196a93a4739c304725107291935b0/element/f.0FFD1D753A842786D5314B6C30446391.d.8629654115025EEAD5A3906A4DBEC6BA.e.3/value {'text': 'standard_user', 'value': ['s', 't', 'a', 'n', 'd', 'a', 'r', 'd', '_', 'u', 's', 'e', 'r']}
DEBUG:urllib3.connectionpool:http://localhost:55936 "POST /session/df6196a93a4739c304725107291935b0/element/f.0FFD1D753A842786D5314B6C30446391.d.8629654115025EEAD5A3906A4DBEC6BA.e.3/value HTTP/1.1" 200 0
DEBUG:selenium.webdriver.remote.remote_connection:Remote response: status=200 | data={"value":null} | headers=HTTPHeaderDict({'Content-Length': '14', 'Content-Type': 'application/json; charset=utf-8', 'cache-control': 'no-cache'})
DEBUG:selenium.webdriver.remote.remote_connection:Finished Request
DEBUG:selenium.webdriver.remote.remote_connection:POST http://localhost:55936/session/df6196a93a4739c304725107291935b0/element {'using': 'css selector', 'value': '[id="password"]'}
DEBUG:urllib3.connectionpool:http://localhost:55936 "POST /session/df6196a93a4739c304725107291935b0/element HTTP/1.1" 200 0
DEBUG:selenium.webdriver.remote.remote_connection:Remote response: status=200 | data={"value":{"element-6066-11e4-a52e-4f735466cecf":"f.0FFD1D753A842786D5314B6C30446391.d.8629654115025EEAD5A3906A4DBEC6BA.e.4"}} | headers=HTTPHeaderDict({'Content-Length': '125', 'Content-Type': 'application/json; charset=utf-8', 'cache-control': 'no-cache'})
DEBUG:selenium.webdriver.remote.remote_connection:Finished Request
DEBUG:selenium.webdriver.remote.remote_connection:POST http://localhost:55936/session/df6196a93a4739c304725107291935b0/element/f.0FFD1D753A842786D5314B6C30446391.d.8629654115025EEAD5A3906A4DBEC6BA.e.4/value {'text': 'secret_sauce', 'value': ['s', 'e', 'c', 'r', 'e', 't', '_', 's', 'a', 'u', 'c', 'e']}
DEBUG:urllib3.connectionpool:http://localhost:55936 "POST /session/df6196a93a4739c304725107291935b0/element/f.0FFD1D753A842786D5314B6C30446391.d.8629654115025EEAD5A3906A4DBEC6BA.e.4/value HTTP/1.1" 200 0
DEBUG:selenium.webdriver.remote.remote_connection:Remote response: status=200 | data={"value":null} | headers=HTTPHeaderDict({'Content-Length': '14', 'Content-Type': 'application/json; charset=utf-8', 'cache-control': 'no-cache'})
DEBUG:selenium.webdriver.remote.remote_connection:Finished Request
DEBUG:selenium.webdriver.remote.remote_connection:POST http://localhost:55936/session/df6196a93a4739c304725107291935b0/element {'using': 'css selector', 'value': '[id="login-button"]'}
DEBUG:urllib3.connectionpool:http://localhost:55936 "POST /session/df6196a93a4739c304725107291935b0/element HTTP/1.1" 200 0
DEBUG:selenium.webdriver.remote.remote_connection:Remote response: status=200 | data={"value":{"element-6066-11e4-a52e-4f735466cecf":"f.0FFD1D753A842786D5314B6C30446391.d.8629654115025EEAD5A3906A4DBEC6BA.e.5"}} | headers=HTTPHeaderDict({'Content-Length': '125', 'Content-Type': 'application/json; charset=utf-8', 'cache-control': 'no-cache'})
DEBUG:selenium.webdriver.remote.remote_connection:Finished Request
DEBUG:selenium.webdriver.remote.remote_connection:POST http://localhost:55936/session/df6196a93a4739c304725107291935b0/element/f.0FFD1D753A842786D5314B6C30446391.d.8629654115025EEAD5A3906A4DBEC6BA.e.5/click {}
DEBUG:urllib3.connectionpool:http://localhost:55936 "POST /session/df6196a93a4739c304725107291935b0/element/f.0FFD1D753A842786D5314B6C30446391.d.8629654115025EEAD5A3906A4DBEC6BA.e.5/click HTTP/1.1" 200 0
DEBUG:selenium.webdriver.remote.remote_connection:Remote response: status=200 | data={"value":null} | headers=HTTPHeaderDict({'Content-Length': '14', 'Content-Type': 'application/json; charset=utf-8', 'cache-control': 'no-cache'})
DEBUG:selenium.webdriver.remote.remote_connection:Finished Request
DEBUG:selenium.webdriver.remote.remote_connection:GET http://localhost:55936/session/df6196a93a4739c304725107291935b0/url {}
DEBUG:urllib3.connectionpool:http://localhost:55936 "GET /session/df6196a93a4739c304725107291935b0/url HTTP/1.1" 200 0
DEBUG:selenium.webdriver.remote.remote_connection:Remote response: status=200 | data={"value":"https://www.saucedemo.com/inventory.html"} | headers=HTTPHeaderDict({'Content-Length': '52', 'Content-Type': 'application/json; charset=utf-8', 'cache-control': 'no-cache'})
DEBUG:selenium.webdriver.remote.remote_connection:Finished Request
INFO:root:Test login user 'standard_user' 'secret_sauce' PASSED
INFO:root:Testing cart badge behavior ...
DEBUG:selenium.webdriver.remote.remote_connection:POST http://localhost:55936/session/df6196a93a4739c304725107291935b0/elements {'using': 'xpath', 'value': "//button[text()='Add to cart']"}
DEBUG:urllib3.connectionpool:http://localhost:55936 "POST /session/df6196a93a4739c304725107291935b0/elements HTTP/1.1" 200 0
DEBUG:selenium.webdriver.remote.remote_connection:Remote response: status=200 | data={"value":[{"element-6066-11e4-a52e-4f735466cecf":"f.0FFD1D753A842786D5314B6C30446391.d.8629654115025EEAD5A3906A4DBEC6BA.e.29"},{"element-6066-11e4-a52e-4f735466cecf":"f.0FFD1D753A842786D5314B6C30446391.d.8629654115025EEAD5A3906A4DBEC6BA.e.30"},{"element-6066-11e4-a52e-4f735466cecf":"f.0FFD1D753A842786D5314B6C30446391.d.8629654115025EEAD5A3906A4DBEC6BA.e.31"},{"element-6066-11e4-a52e-4f735466cecf":"f.0FFD1D753A842786D5314B6C30446391.d.8629654115025EEAD5A3906A4DBEC6BA.e.32"},{"element-6066-11e4-a52e-4f735466cecf":"f.0FFD1D753A842786D5314B6C30446391.d.8629654115025EEAD5A3906A4DBEC6BA.e.33"},{"element-6066-11e4-a52e-4f735466cecf":"f.0FFD1D753A842786D5314B6C30446391.d.8629654115025EEAD5A3906A4DBEC6BA.e.34"}]} | headers=HTTPHeaderDict({'Content-Length': '713', 'Content-Type': 'application/json; charset=utf-8', 'cache-control': 'no-cache'})
DEBUG:selenium.webdriver.remote.remote_connection:Finished Request
DEBUG:root:Was selected  '3' items to add to cart.
DEBUG:selenium.webdriver.remote.remote_connection:POST http://localhost:55936/session/df6196a93a4739c304725107291935b0/element/f.0FFD1D753A842786D5314B6C30446391.d.8629654115025EEAD5A3906A4DBEC6BA.e.33/click {}
DEBUG:urllib3.connectionpool:http://localhost:55936 "POST /session/df6196a93a4739c304725107291935b0/element/f.0FFD1D753A842786D5314B6C30446391.d.8629654115025EEAD5A3906A4DBEC6BA.e.33/click HTTP/1.1" 404 0
DEBUG:selenium.webdriver.remote.remote_connection:Remote response: status=404 | data={"value":{"error":"invalid session id","message":"invalid session id: session deleted as the browser has closed the connection\nfrom disconnected: not connected to DevTools\n  (Session info: chrome=135.0.7049.85)","stacktrace":"\tGetHandleVerifier [0x00007FF65E4B5335+78597]\n\tGetHandleVerifier [0x00007FF65E4B5390+78688]\n\t(No symbol) [0x00007FF65E2691AA]\n\t(No symbol) [0x00007FF65E254EF5]\n\t(No symbol) [0x00007FF65E279F04]\n\t(No symbol) [0x00007FF65E2EED0F]\n\t(No symbol) [0x00007FF65E30EBB2]\n\t(No symbol) [0x00007FF65E2E6EC3]\n\t(No symbol) [0x00007FF65E2B03F8]\n\t(No symbol) [0x00007FF65E2B1163]\n\tGetHandleVerifier [0x00007FF65E75EEED+2870973]\n\tGetHandleVerifier [0x00007FF65E759698+2848360]\n\tGetHandleVerifier [0x00007FF65E776973+2967875]\n\tGetHandleVerifier [0x00007FF65E4D017A+188746]\n\tGetHandleVerifier [0x00007FF65E4D845F+222255]\n\tGetHandleVerifier [0x00007FF65E4BD2B4+111236]\n\tGetHandleVerifier [0x00007FF65E4BD462+111666]\n\tGetHandleVerifier [0x00007FF65E4A3589+5465]\n\tBaseThreadInitThunk [0x00007FFA2208E8D7+23]\n\tRtlUserThreadStart [0x00007FFA227B14FC+44]\n"}} | headers=HTTPHeaderDict({'Content-Length': '1101', 'Content-Type': 'application/json; charset=utf-8', 'cache-control': 'no-cache'})
DEBUG:selenium.webdriver.remote.remote_connection:Finished Request
ERROR:root:Test fail with error. Message: invalid session id: session deleted as the browser has closed the connection
from disconnected: not connected to DevTools
  (Session info: chrome=135.0.7049.85)
Stacktrace:
	GetHandleVerifier [0x00007FF65E4B5335+78597]
	GetHandleVerifier [0x00007FF65E4B5390+78688]
	(No symbol) [0x00007FF65E2691AA]
	(No symbol) [0x00007FF65E254EF5]
	(No symbol) [0x00007FF65E279F04]
	(No symbol) [0x00007FF65E2EED0F]
	(No symbol) [0x00007FF65E30EBB2]
	(No symbol) [0x00007FF65E2E6EC3]
	(No symbol) [0x00007FF65E2B03F8]
	(No symbol) [0x00007FF65E2B1163]
	GetHandleVerifier [0x00007FF65E75EEED+2870973]
	GetHandleVerifier [0x00007FF65E759698+2848360]
	GetHandleVerifier [0x00007FF65E776973+2967875]
	GetHandleVerifier [0x00007FF65E4D017A+188746]
	GetHandleVerifier [0x00007FF65E4D845F+222255]
	GetHandleVerifier [0x00007FF65E4BD2B4+111236]
	GetHandleVerifier [0x00007FF65E4BD462+111666]
	GetHandleVerifier [0x00007FF65E4A3589+5465]
	BaseThreadInitThunk [0x00007FFA2208E8D7+23]
	RtlUserThreadStart [0x00007FFA227B14FC+44]

INFO:root:Testing logout user ...
DEBUG:selenium.webdriver.remote.remote_connection:POST http://localhost:55936/session/df6196a93a4739c304725107291935b0/element {'using': 'css selector', 'value': '[id="react-burger-menu-btn"]'}
DEBUG:urllib3.connectionpool:http://localhost:55936 "POST /session/df6196a93a4739c304725107291935b0/element HTTP/1.1" 404 0
DEBUG:selenium.webdriver.remote.remote_connection:Remote response: status=404 | data={"value":{"error":"invalid session id","message":"invalid session id","stacktrace":"\tGetHandleVerifier [0x00007FF65E4B5335+78597]\n\tGetHandleVerifier [0x00007FF65E4B5390+78688]\n\t(No symbol) [0x00007FF65E268FDC]\n\t(No symbol) [0x00007FF65E2AF51F]\n\t(No symbol) [0x00007FF65E2E6FB2]\n\t(No symbol) [0x00007FF65E2E19CC]\n\t(No symbol) [0x00007FF65E2E0AA9]\n\t(No symbol) [0x00007FF65E235AB5]\n\tGetHandleVerifier [0x00007FF65E75EEED+2870973]\n\tGetHandleVerifier [0x00007FF65E759698+2848360]\n\tGetHandleVerifier [0x00007FF65E776973+2967875]\n\tGetHandleVerifier [0x00007FF65E4D017A+188746]\n\tGetHandleVerifier [0x00007FF65E4D845F+222255]\n\t(No symbol) [0x00007FF65E234B28]\n\tGetHandleVerifier [0x00007FF65E860668+3925560]\n\tBaseThreadInitThunk [0x00007FFA2208E8D7+23]\n\tRtlUserThreadStart [0x00007FFA227B14FC+44]\n"}} | headers=HTTPHeaderDict({'Content-Length': '826', 'Content-Type': 'application/json; charset=utf-8', 'cache-control': 'no-cache'})
DEBUG:selenium.webdriver.remote.remote_connection:Finished Request
ERROR:root:Test fail with error. Message: invalid session id
Stacktrace:
	GetHandleVerifier [0x00007FF65E4B5335+78597]
	GetHandleVerifier [0x00007FF65E4B5390+78688]
	(No symbol) [0x00007FF65E268FDC]
	(No symbol) [0x00007FF65E2AF51F]
	(No symbol) [0x00007FF65E2E6FB2]
	(No symbol) [0x00007FF65E2E19CC]
	(No symbol) [0x00007FF65E2E0AA9]
	(No symbol) [0x00007FF65E235AB5]
	GetHandleVerifier [0x00007FF65E75EEED+2870973]
	GetHandleVerifier [0x00007FF65E759698+2848360]
	GetHandleVerifier [0x00007FF65E776973+2967875]
	GetHandleVerifier [0x00007FF65E4D017A+188746]
	GetHandleVerifier [0x00007FF65E4D845F+222255]
	(No symbol) [0x00007FF65E234B28]
	GetHandleVerifier [0x00007FF65E860668+3925560]
	BaseThreadInitThunk [0x00007FFA2208E8D7+23]
	RtlUserThreadStart [0x00007FFA227B14FC+44]

DEBUG:selenium.webdriver.remote.remote_connection:DELETE http://localhost:55936/session/df6196a93a4739c304725107291935b0 {}
DEBUG:urllib3.connectionpool:http://localhost:55936 "DELETE /session/df6196a93a4739c304725107291935b0 HTTP/1.1" 200 0
DEBUG:selenium.webdriver.remote.remote_connection:Remote response: status=200 | data={"value":null} | headers=HTTPHeaderDict({'Content-Length': '14', 'Content-Type': 'application/json; charset=utf-8', 'cache-control': 'no-cache'})
DEBUG:selenium.webdriver.remote.remote_connection:Finished Request
INFO:root:Preparing browser chrome on page 'https://www.saucedemo.com/'...
DEBUG:selenium.webdriver.common.selenium_manager:Selenium Manager binary found at: C:\PUBLIC_GIT\2025_spring_saucedemo_tstcourse\.venv\Lib\site-packages\selenium\webdriver\common\windows\selenium-manager.exe
DEBUG:selenium.webdriver.common.selenium_manager:Executing process: C:\PUBLIC_GIT\2025_spring_saucedemo_tstcourse\.venv\Lib\site-packages\selenium\webdriver\common\windows\selenium-manager.exe --browser chrome --debug --language-binding python --output json
DEBUG:selenium.webdriver.common.selenium_manager:chromedriver not found in PATH
DEBUG:selenium.webdriver.common.selenium_manager:chrome detected at C:\Program Files\Google\Chrome\Application\chrome.exe
DEBUG:selenium.webdriver.common.selenium_manager:Running command: wmic datafile where name='C:\\Program Files\\Google\\Chrome\\Application\\chrome.exe' get Version /value
DEBUG:selenium.webdriver.common.selenium_manager:Output: "\r\r\n\r\r\nVersion=135.0.7049.85\r\r\n\r\r\n\r\r\n\r"
DEBUG:selenium.webdriver.common.selenium_manager:Detected browser: chrome 135.0.7049.85
DEBUG:selenium.webdriver.common.selenium_manager:Required driver: chromedriver 135.0.7049.84
DEBUG:selenium.webdriver.common.selenium_manager:chromedriver 135.0.7049.84 already in the cache
DEBUG:selenium.webdriver.common.selenium_manager:Driver path: C:\Users\Dáša\.cache\selenium\chromedriver\win64\135.0.7049.84\chromedriver.exe
DEBUG:selenium.webdriver.common.selenium_manager:Browser path: C:\Program Files\Google\Chrome\Application\chrome.exe
DEBUG:selenium.webdriver.common.service:Started executable: `C:\Users\Dáša\.cache\selenium\chromedriver\win64\135.0.7049.84\chromedriver.exe` in a child process with pid: 20640 using 0 to output -3
DEBUG:selenium.webdriver.remote.remote_connection:POST http://localhost:55969/session {'capabilities': {'firstMatch': [{}], 'alwaysMatch': {'browserName': 'chrome', 'pageLoadStrategy': <PageLoadStrategy.normal: 'normal'>, 'browserVersion': None, 'goog:chromeOptions': {'extensions': [], 'binary': 'C:\\Program Files\\Google\\Chrome\\Application\\chrome.exe', 'args': []}}}}
DEBUG:urllib3.connectionpool:Starting new HTTP connection (1): localhost:55969
DEBUG:urllib3.connectionpool:http://localhost:55969 "POST /session HTTP/1.1" 200 0
DEBUG:selenium.webdriver.remote.remote_connection:Remote response: status=200 | data={"value":{"capabilities":{"acceptInsecureCerts":false,"browserName":"chrome","browserVersion":"135.0.7049.85","chrome":{"chromedriverVersion":"135.0.7049.84 (6c019e56001911b3fd467e03bf68c435924d62f4-refs/branch-heads/7049@{#1778})","userDataDir":"C:\\Users\\DA1815~1\\AppData\\Local\\Temp\\scoped_dir20640_752743546"},"fedcm:accounts":true,"goog:chromeOptions":{"debuggerAddress":"localhost:55972"},"networkConnectionEnabled":false,"pageLoadStrategy":"normal","platformName":"windows","proxy":{},"setWindowRect":true,"strictFileInteractability":false,"timeouts":{"implicit":0,"pageLoad":300000,"script":30000},"unhandledPromptBehavior":"dismiss and notify","webauthn:extension:credBlob":true,"webauthn:extension:largeBlob":true,"webauthn:extension:minPinLength":true,"webauthn:extension:prf":true,"webauthn:virtualAuthenticators":true},"sessionId":"f1b1be120e83d7fee339f26a1eb9532c"}} | headers=HTTPHeaderDict({'Content-Length': '884', 'Content-Type': 'application/json; charset=utf-8', 'cache-control': 'no-cache'})
DEBUG:selenium.webdriver.remote.remote_connection:Finished Request
DEBUG:selenium.webdriver.remote.remote_connection:POST http://localhost:55969/session/f1b1be120e83d7fee339f26a1eb9532c/url {'url': 'https://www.saucedemo.com/'}
DEBUG:urllib3.connectionpool:http://localhost:55969 "POST /session/f1b1be120e83d7fee339f26a1eb9532c/url HTTP/1.1" 200 0
DEBUG:selenium.webdriver.remote.remote_connection:Remote response: status=200 | data={"value":null} | headers=HTTPHeaderDict({'Content-Length': '14', 'Content-Type': 'application/json; charset=utf-8', 'cache-control': 'no-cache'})
DEBUG:selenium.webdriver.remote.remote_connection:Finished Request
INFO:root:Browser chrome on 'https://www.saucedemo.com/' page PREPARED
INFO:root:Testing login user 'standard_user' 'secret_sauce' ...
DEBUG:selenium.webdriver.remote.remote_connection:POST http://localhost:55969/session/f1b1be120e83d7fee339f26a1eb9532c/element {'using': 'css selector', 'value': '[id="user-name"]'}
DEBUG:urllib3.connectionpool:http://localhost:55969 "POST /session/f1b1be120e83d7fee339f26a1eb9532c/element HTTP/1.1" 200 0
DEBUG:selenium.webdriver.remote.remote_connection:Remote response: status=200 | data={"value":{"element-6066-11e4-a52e-4f735466cecf":"f.2CAC7D79E14DF40E50C6D90A304B20B9.d.6ED729EBE2FA8BDECEB04114359017E9.e.3"}} | headers=HTTPHeaderDict({'Content-Length': '125', 'Content-Type': 'application/json; charset=utf-8', 'cache-control': 'no-cache'})
DEBUG:selenium.webdriver.remote.remote_connection:Finished Request
DEBUG:selenium.webdriver.remote.remote_connection:POST http://localhost:55969/session/f1b1be120e83d7fee339f26a1eb9532c/element/f.2CAC7D79E14DF40E50C6D90A304B20B9.d.6ED729EBE2FA8BDECEB04114359017E9.e.3/value {'text': 'standard_user', 'value': ['s', 't', 'a', 'n', 'd', 'a', 'r', 'd', '_', 'u', 's', 'e', 'r']}
DEBUG:urllib3.connectionpool:http://localhost:55969 "POST /session/f1b1be120e83d7fee339f26a1eb9532c/element/f.2CAC7D79E14DF40E50C6D90A304B20B9.d.6ED729EBE2FA8BDECEB04114359017E9.e.3/value HTTP/1.1" 200 0
DEBUG:selenium.webdriver.remote.remote_connection:Remote response: status=200 | data={"value":null} | headers=HTTPHeaderDict({'Content-Length': '14', 'Content-Type': 'application/json; charset=utf-8', 'cache-control': 'no-cache'})
DEBUG:selenium.webdriver.remote.remote_connection:Finished Request
DEBUG:selenium.webdriver.remote.remote_connection:POST http://localhost:55969/session/f1b1be120e83d7fee339f26a1eb9532c/element {'using': 'css selector', 'value': '[id="password"]'}
DEBUG:urllib3.connectionpool:http://localhost:55969 "POST /session/f1b1be120e83d7fee339f26a1eb9532c/element HTTP/1.1" 200 0
DEBUG:selenium.webdriver.remote.remote_connection:Remote response: status=200 | data={"value":{"element-6066-11e4-a52e-4f735466cecf":"f.2CAC7D79E14DF40E50C6D90A304B20B9.d.6ED729EBE2FA8BDECEB04114359017E9.e.4"}} | headers=HTTPHeaderDict({'Content-Length': '125', 'Content-Type': 'application/json; charset=utf-8', 'cache-control': 'no-cache'})
DEBUG:selenium.webdriver.remote.remote_connection:Finished Request
DEBUG:selenium.webdriver.remote.remote_connection:POST http://localhost:55969/session/f1b1be120e83d7fee339f26a1eb9532c/element/f.2CAC7D79E14DF40E50C6D90A304B20B9.d.6ED729EBE2FA8BDECEB04114359017E9.e.4/value {'text': 'secret_sauce', 'value': ['s', 'e', 'c', 'r', 'e', 't', '_', 's', 'a', 'u', 'c', 'e']}
DEBUG:urllib3.connectionpool:http://localhost:55969 "POST /session/f1b1be120e83d7fee339f26a1eb9532c/element/f.2CAC7D79E14DF40E50C6D90A304B20B9.d.6ED729EBE2FA8BDECEB04114359017E9.e.4/value HTTP/1.1" 200 0
DEBUG:selenium.webdriver.remote.remote_connection:Remote response: status=200 | data={"value":null} | headers=HTTPHeaderDict({'Content-Length': '14', 'Content-Type': 'application/json; charset=utf-8', 'cache-control': 'no-cache'})
DEBUG:selenium.webdriver.remote.remote_connection:Finished Request
DEBUG:selenium.webdriver.remote.remote_connection:POST http://localhost:55969/session/f1b1be120e83d7fee339f26a1eb9532c/element {'using': 'css selector', 'value': '[id="login-button"]'}
DEBUG:urllib3.connectionpool:http://localhost:55969 "POST /session/f1b1be120e83d7fee339f26a1eb9532c/element HTTP/1.1" 200 0
DEBUG:selenium.webdriver.remote.remote_connection:Remote response: status=200 | data={"value":{"element-6066-11e4-a52e-4f735466cecf":"f.2CAC7D79E14DF40E50C6D90A304B20B9.d.6ED729EBE2FA8BDECEB04114359017E9.e.5"}} | headers=HTTPHeaderDict({'Content-Length': '125', 'Content-Type': 'application/json; charset=utf-8', 'cache-control': 'no-cache'})
DEBUG:selenium.webdriver.remote.remote_connection:Finished Request
DEBUG:selenium.webdriver.remote.remote_connection:POST http://localhost:55969/session/f1b1be120e83d7fee339f26a1eb9532c/element/f.2CAC7D79E14DF40E50C6D90A304B20B9.d.6ED729EBE2FA8BDECEB04114359017E9.e.5/click {}
DEBUG:urllib3.connectionpool:http://localhost:55969 "POST /session/f1b1be120e83d7fee339f26a1eb9532c/element/f.2CAC7D79E14DF40E50C6D90A304B20B9.d.6ED729EBE2FA8BDECEB04114359017E9.e.5/click HTTP/1.1" 200 0
DEBUG:selenium.webdriver.remote.remote_connection:Remote response: status=200 | data={"value":null} | headers=HTTPHeaderDict({'Content-Length': '14', 'Content-Type': 'application/json; charset=utf-8', 'cache-control': 'no-cache'})
DEBUG:selenium.webdriver.remote.remote_connection:Finished Request
DEBUG:selenium.webdriver.remote.remote_connection:GET http://localhost:55969/session/f1b1be120e83d7fee339f26a1eb9532c/url {}
DEBUG:urllib3.connectionpool:http://localhost:55969 "GET /session/f1b1be120e83d7fee339f26a1eb9532c/url HTTP/1.1" 404 0
DEBUG:selenium.webdriver.remote.remote_connection:Remote response: status=404 | data={"value":{"error":"invalid session id","message":"invalid session id: session deleted as the browser has closed the connection\nfrom disconnected: not connected to DevTools\n  (Session info: chrome=135.0.7049.85)","stacktrace":"\tGetHandleVerifier [0x00007FF65E4B5335+78597]\n\tGetHandleVerifier [0x00007FF65E4B5390+78688]\n\t(No symbol) [0x00007FF65E2691AA]\n\t(No symbol) [0x00007FF65E254EF5]\n\t(No symbol) [0x00007FF65E279F04]\n\t(No symbol) [0x00007FF65E2EED0F]\n\t(No symbol) [0x00007FF65E30EBB2]\n\t(No symbol) [0x00007FF65E2E6EC3]\n\t(No symbol) [0x00007FF65E2B03F8]\n\t(No symbol) [0x00007FF65E2B1163]\n\tGetHandleVerifier [0x00007FF65E75EEED+2870973]\n\tGetHandleVerifier [0x00007FF65E759698+2848360]\n\tGetHandleVerifier [0x00007FF65E776973+2967875]\n\tGetHandleVerifier [0x00007FF65E4D017A+188746]\n\tGetHandleVerifier [0x00007FF65E4D845F+222255]\n\tGetHandleVerifier [0x00007FF65E4BD2B4+111236]\n\tGetHandleVerifier [0x00007FF65E4BD462+111666]\n\tGetHandleVerifier [0x00007FF65E4A3589+5465]\n\tBaseThreadInitThunk [0x00007FFA2208E8D7+23]\n\tRtlUserThreadStart [0x00007FFA227B14FC+44]\n"}} | headers=HTTPHeaderDict({'Content-Length': '1101', 'Content-Type': 'application/json; charset=utf-8', 'cache-control': 'no-cache'})
DEBUG:selenium.webdriver.remote.remote_connection:Finished Request
ERROR:root:Test fail with error. Message: invalid session id: session deleted as the browser has closed the connection
from disconnected: not connected to DevTools
  (Session info: chrome=135.0.7049.85)
Stacktrace:
	GetHandleVerifier [0x00007FF65E4B5335+78597]
	GetHandleVerifier [0x00007FF65E4B5390+78688]
	(No symbol) [0x00007FF65E2691AA]
	(No symbol) [0x00007FF65E254EF5]
	(No symbol) [0x00007FF65E279F04]
	(No symbol) [0x00007FF65E2EED0F]
	(No symbol) [0x00007FF65E30EBB2]
	(No symbol) [0x00007FF65E2E6EC3]
	(No symbol) [0x00007FF65E2B03F8]
	(No symbol) [0x00007FF65E2B1163]
	GetHandleVerifier [0x00007FF65E75EEED+2870973]
	GetHandleVerifier [0x00007FF65E759698+2848360]
	GetHandleVerifier [0x00007FF65E776973+2967875]
	GetHandleVerifier [0x00007FF65E4D017A+188746]
	GetHandleVerifier [0x00007FF65E4D845F+222255]
	GetHandleVerifier [0x00007FF65E4BD2B4+111236]
	GetHandleVerifier [0x00007FF65E4BD462+111666]
	GetHandleVerifier [0x00007FF65E4A3589+5465]
	BaseThreadInitThunk [0x00007FFA2208E8D7+23]
	RtlUserThreadStart [0x00007FFA227B14FC+44]

INFO:root:Testing cart badge behavior ...
DEBUG:selenium.webdriver.remote.remote_connection:POST http://localhost:55969/session/f1b1be120e83d7fee339f26a1eb9532c/elements {'using': 'xpath', 'value': "//button[text()='Add to cart']"}
DEBUG:urllib3.connectionpool:http://localhost:55969 "POST /session/f1b1be120e83d7fee339f26a1eb9532c/elements HTTP/1.1" 404 0
DEBUG:selenium.webdriver.remote.remote_connection:Remote response: status=404 | data={"value":{"error":"invalid session id","message":"invalid session id","stacktrace":"\tGetHandleVerifier [0x00007FF65E4B5335+78597]\n\tGetHandleVerifier [0x00007FF65E4B5390+78688]\n\t(No symbol) [0x00007FF65E268FDC]\n\t(No symbol) [0x00007FF65E2AF51F]\n\t(No symbol) [0x00007FF65E2E6FB2]\n\t(No symbol) [0x00007FF65E2E19CC]\n\t(No symbol) [0x00007FF65E2E0AA9]\n\t(No symbol) [0x00007FF65E235AB5]\n\tGetHandleVerifier [0x00007FF65E75EEED+2870973]\n\tGetHandleVerifier [0x00007FF65E759698+2848360]\n\tGetHandleVerifier [0x00007FF65E776973+2967875]\n\tGetHandleVerifier [0x00007FF65E4D017A+188746]\n\tGetHandleVerifier [0x00007FF65E4D845F+222255]\n\t(No symbol) [0x00007FF65E234B28]\n\tGetHandleVerifier [0x00007FF65E860668+3925560]\n\tBaseThreadInitThunk [0x00007FFA2208E8D7+23]\n\tRtlUserThreadStart [0x00007FFA227B14FC+44]\n"}} | headers=HTTPHeaderDict({'Content-Length': '826', 'Content-Type': 'application/json; charset=utf-8', 'cache-control': 'no-cache'})
DEBUG:selenium.webdriver.remote.remote_connection:Finished Request
ERROR:root:Test fail with error. Message: invalid session id
Stacktrace:
	GetHandleVerifier [0x00007FF65E4B5335+78597]
	GetHandleVerifier [0x00007FF65E4B5390+78688]
	(No symbol) [0x00007FF65E268FDC]
	(No symbol) [0x00007FF65E2AF51F]
	(No symbol) [0x00007FF65E2E6FB2]
	(No symbol) [0x00007FF65E2E19CC]
	(No symbol) [0x00007FF65E2E0AA9]
	(No symbol) [0x00007FF65E235AB5]
	GetHandleVerifier [0x00007FF65E75EEED+2870973]
	GetHandleVerifier [0x00007FF65E759698+2848360]
	GetHandleVerifier [0x00007FF65E776973+2967875]
	GetHandleVerifier [0x00007FF65E4D017A+188746]
	GetHandleVerifier [0x00007FF65E4D845F+222255]
	(No symbol) [0x00007FF65E234B28]
	GetHandleVerifier [0x00007FF65E860668+3925560]
	BaseThreadInitThunk [0x00007FFA2208E8D7+23]
	RtlUserThreadStart [0x00007FFA227B14FC+44]

INFO:root:Testing logout user ...
DEBUG:selenium.webdriver.remote.remote_connection:POST http://localhost:55969/session/f1b1be120e83d7fee339f26a1eb9532c/element {'using': 'css selector', 'value': '[id="react-burger-menu-btn"]'}
DEBUG:urllib3.connectionpool:http://localhost:55969 "POST /session/f1b1be120e83d7fee339f26a1eb9532c/element HTTP/1.1" 404 0
DEBUG:selenium.webdriver.remote.remote_connection:Remote response: status=404 | data={"value":{"error":"invalid session id","message":"invalid session id","stacktrace":"\tGetHandleVerifier [0x00007FF65E4B5335+78597]\n\tGetHandleVerifier [0x00007FF65E4B5390+78688]\n\t(No symbol) [0x00007FF65E268FDC]\n\t(No symbol) [0x00007FF65E2AF51F]\n\t(No symbol) [0x00007FF65E2E6FB2]\n\t(No symbol) [0x00007FF65E2E19CC]\n\t(No symbol) [0x00007FF65E2E0AA9]\n\t(No symbol) [0x00007FF65E235AB5]\n\tGetHandleVerifier [0x00007FF65E75EEED+2870973]\n\tGetHandleVerifier [0x00007FF65E759698+2848360]\n\tGetHandleVerifier [0x00007FF65E776973+2967875]\n\tGetHandleVerifier [0x00007FF65E4D017A+188746]\n\tGetHandleVerifier [0x00007FF65E4D845F+222255]\n\t(No symbol) [0x00007FF65E234B28]\n\tGetHandleVerifier [0x00007FF65E860668+3925560]\n\tBaseThreadInitThunk [0x00007FFA2208E8D7+23]\n\tRtlUserThreadStart [0x00007FFA227B14FC+44]\n"}} | headers=HTTPHeaderDict({'Content-Length': '826', 'Content-Type': 'application/json; charset=utf-8', 'cache-control': 'no-cache'})
DEBUG:selenium.webdriver.remote.remote_connection:Finished Request
ERROR:root:Test fail with error. Message: invalid session id
Stacktrace:
	GetHandleVerifier [0x00007FF65E4B5335+78597]
	GetHandleVerifier [0x00007FF65E4B5390+78688]
	(No symbol) [0x00007FF65E268FDC]
	(No symbol) [0x00007FF65E2AF51F]
	(No symbol) [0x00007FF65E2E6FB2]
	(No symbol) [0x00007FF65E2E19CC]
	(No symbol) [0x00007FF65E2E0AA9]
	(No symbol) [0x00007FF65E235AB5]
	GetHandleVerifier [0x00007FF65E75EEED+2870973]
	GetHandleVerifier [0x00007FF65E759698+2848360]
	GetHandleVerifier [0x00007FF65E776973+2967875]
	GetHandleVerifier [0x00007FF65E4D017A+188746]
	GetHandleVerifier [0x00007FF65E4D845F+222255]
	(No symbol) [0x00007FF65E234B28]
	GetHandleVerifier [0x00007FF65E860668+3925560]
	BaseThreadInitThunk [0x00007FFA2208E8D7+23]
	RtlUserThreadStart [0x00007FFA227B14FC+44]

DEBUG:selenium.webdriver.remote.remote_connection:DELETE http://localhost:55969/session/f1b1be120e83d7fee339f26a1eb9532c {}
DEBUG:urllib3.connectionpool:http://localhost:55969 "DELETE /session/f1b1be120e83d7fee339f26a1eb9532c HTTP/1.1" 200 0
DEBUG:selenium.webdriver.remote.remote_connection:Remote response: status=200 | data={"value":null} | headers=HTTPHeaderDict({'Content-Length': '14', 'Content-Type': 'application/json; charset=utf-8', 'cache-control': 'no-cache'})
DEBUG:selenium.webdriver.remote.remote_connection:Finished Request
INFO:root:Preparing browser chrome on page 'https://www.saucedemo.com/'...
DEBUG:selenium.webdriver.common.selenium_manager:Selenium Manager binary found at: C:\PUBLIC_GIT\2025_spring_saucedemo_tstcourse\.venv\Lib\site-packages\selenium\webdriver\common\windows\selenium-manager.exe
DEBUG:selenium.webdriver.common.selenium_manager:Executing process: C:\PUBLIC_GIT\2025_spring_saucedemo_tstcourse\.venv\Lib\site-packages\selenium\webdriver\common\windows\selenium-manager.exe --browser chrome --debug --language-binding python --output json
DEBUG:selenium.webdriver.common.selenium_manager:chromedriver not found in PATH
DEBUG:selenium.webdriver.common.selenium_manager:chrome detected at C:\Program Files\Google\Chrome\Application\chrome.exe
DEBUG:selenium.webdriver.common.selenium_manager:Running command: wmic datafile where name='C:\\Program Files\\Google\\Chrome\\Application\\chrome.exe' get Version /value
DEBUG:selenium.webdriver.common.selenium_manager:Output: "\r\r\n\r\r\nVersion=135.0.7049.85\r\r\n\r\r\n\r\r\n\r"
DEBUG:selenium.webdriver.common.selenium_manager:Detected browser: chrome 135.0.7049.85
DEBUG:selenium.webdriver.common.selenium_manager:Required driver: chromedriver 135.0.7049.84
DEBUG:selenium.webdriver.common.selenium_manager:chromedriver 135.0.7049.84 already in the cache
DEBUG:selenium.webdriver.common.selenium_manager:Driver path: C:\Users\Dáša\.cache\selenium\chromedriver\win64\135.0.7049.84\chromedriver.exe
DEBUG:selenium.webdriver.common.selenium_manager:Browser path: C:\Program Files\Google\Chrome\Application\chrome.exe
DEBUG:selenium.webdriver.common.service:Started executable: `C:\Users\Dáša\.cache\selenium\chromedriver\win64\135.0.7049.84\chromedriver.exe` in a child process with pid: 16348 using 0 to output -3
DEBUG:selenium.webdriver.remote.remote_connection:POST http://localhost:56001/session {'capabilities': {'firstMatch': [{}], 'alwaysMatch': {'browserName': 'chrome', 'pageLoadStrategy': <PageLoadStrategy.normal: 'normal'>, 'browserVersion': None, 'goog:chromeOptions': {'extensions': [], 'binary': 'C:\\Program Files\\Google\\Chrome\\Application\\chrome.exe', 'args': []}}}}
DEBUG:urllib3.connectionpool:Starting new HTTP connection (1): localhost:56001
DEBUG:urllib3.connectionpool:http://localhost:56001 "POST /session HTTP/1.1" 200 0
DEBUG:selenium.webdriver.remote.remote_connection:Remote response: status=200 | data={"value":{"capabilities":{"acceptInsecureCerts":false,"browserName":"chrome","browserVersion":"135.0.7049.85","chrome":{"chromedriverVersion":"135.0.7049.84 (6c019e56001911b3fd467e03bf68c435924d62f4-refs/branch-heads/7049@{#1778})","userDataDir":"C:\\Users\\DA1815~1\\AppData\\Local\\Temp\\scoped_dir16348_1070828580"},"fedcm:accounts":true,"goog:chromeOptions":{"debuggerAddress":"localhost:56004"},"networkConnectionEnabled":false,"pageLoadStrategy":"normal","platformName":"windows","proxy":{},"setWindowRect":true,"strictFileInteractability":false,"timeouts":{"implicit":0,"pageLoad":300000,"script":30000},"unhandledPromptBehavior":"dismiss and notify","webauthn:extension:credBlob":true,"webauthn:extension:largeBlob":true,"webauthn:extension:minPinLength":true,"webauthn:extension:prf":true,"webauthn:virtualAuthenticators":true},"sessionId":"8c02410156034b8c131da00583c255d9"}} | headers=HTTPHeaderDict({'Content-Length': '885', 'Content-Type': 'application/json; charset=utf-8', 'cache-control': 'no-cache'})
DEBUG:selenium.webdriver.remote.remote_connection:Finished Request
DEBUG:selenium.webdriver.remote.remote_connection:POST http://localhost:56001/session/8c02410156034b8c131da00583c255d9/url {'url': 'https://www.saucedemo.com/'}
DEBUG:urllib3.connectionpool:http://localhost:56001 "POST /session/8c02410156034b8c131da00583c255d9/url HTTP/1.1" 200 0
DEBUG:selenium.webdriver.remote.remote_connection:Remote response: status=200 | data={"value":null} | headers=HTTPHeaderDict({'Content-Length': '14', 'Content-Type': 'application/json; charset=utf-8', 'cache-control': 'no-cache'})
DEBUG:selenium.webdriver.remote.remote_connection:Finished Request
INFO:root:Browser chrome on 'https://www.saucedemo.com/' page PREPARED
INFO:root:Testing login user 'standard_user' 'secret_sauce' ...
DEBUG:selenium.webdriver.remote.remote_connection:POST http://localhost:56001/session/8c02410156034b8c131da00583c255d9/element {'using': 'css selector', 'value': '[id="user-name"]'}
DEBUG:urllib3.connectionpool:http://localhost:56001 "POST /session/8c02410156034b8c131da00583c255d9/element HTTP/1.1" 200 0
DEBUG:selenium.webdriver.remote.remote_connection:Remote response: status=200 | data={"value":{"element-6066-11e4-a52e-4f735466cecf":"f.0625E0523D18BF4BBBB100BE371474C6.d.2397D47BFE4BCEFA66D4B4FB6270E8CE.e.3"}} | headers=HTTPHeaderDict({'Content-Length': '125', 'Content-Type': 'application/json; charset=utf-8', 'cache-control': 'no-cache'})
DEBUG:selenium.webdriver.remote.remote_connection:Finished Request
DEBUG:selenium.webdriver.remote.remote_connection:POST http://localhost:56001/session/8c02410156034b8c131da00583c255d9/element/f.0625E0523D18BF4BBBB100BE371474C6.d.2397D47BFE4BCEFA66D4B4FB6270E8CE.e.3/value {'text': 'standard_user', 'value': ['s', 't', 'a', 'n', 'd', 'a', 'r', 'd', '_', 'u', 's', 'e', 'r']}
DEBUG:urllib3.connectionpool:http://localhost:56001 "POST /session/8c02410156034b8c131da00583c255d9/element/f.0625E0523D18BF4BBBB100BE371474C6.d.2397D47BFE4BCEFA66D4B4FB6270E8CE.e.3/value HTTP/1.1" 200 0
DEBUG:selenium.webdriver.remote.remote_connection:Remote response: status=200 | data={"value":null} | headers=HTTPHeaderDict({'Content-Length': '14', 'Content-Type': 'application/json; charset=utf-8', 'cache-control': 'no-cache'})
DEBUG:selenium.webdriver.remote.remote_connection:Finished Request
DEBUG:selenium.webdriver.remote.remote_connection:POST http://localhost:56001/session/8c02410156034b8c131da00583c255d9/element {'using': 'css selector', 'value': '[id="password"]'}
DEBUG:urllib3.connectionpool:http://localhost:56001 "POST /session/8c02410156034b8c131da00583c255d9/element HTTP/1.1" 200 0
DEBUG:selenium.webdriver.remote.remote_connection:Remote response: status=200 | data={"value":{"element-6066-11e4-a52e-4f735466cecf":"f.0625E0523D18BF4BBBB100BE371474C6.d.2397D47BFE4BCEFA66D4B4FB6270E8CE.e.4"}} | headers=HTTPHeaderDict({'Content-Length': '125', 'Content-Type': 'application/json; charset=utf-8', 'cache-control': 'no-cache'})
DEBUG:selenium.webdriver.remote.remote_connection:Finished Request
DEBUG:selenium.webdriver.remote.remote_connection:POST http://localhost:56001/session/8c02410156034b8c131da00583c255d9/element/f.0625E0523D18BF4BBBB100BE371474C6.d.2397D47BFE4BCEFA66D4B4FB6270E8CE.e.4/value {'text': 'secret_sauce', 'value': ['s', 'e', 'c', 'r', 'e', 't', '_', 's', 'a', 'u', 'c', 'e']}
DEBUG:urllib3.connectionpool:http://localhost:56001 "POST /session/8c02410156034b8c131da00583c255d9/element/f.0625E0523D18BF4BBBB100BE371474C6.d.2397D47BFE4BCEFA66D4B4FB6270E8CE.e.4/value HTTP/1.1" 200 0
DEBUG:selenium.webdriver.remote.remote_connection:Remote response: status=200 | data={"value":null} | headers=HTTPHeaderDict({'Content-Length': '14', 'Content-Type': 'application/json; charset=utf-8', 'cache-control': 'no-cache'})
DEBUG:selenium.webdriver.remote.remote_connection:Finished Request
DEBUG:selenium.webdriver.remote.remote_connection:POST http://localhost:56001/session/8c02410156034b8c131da00583c255d9/element {'using': 'css selector', 'value': '[id="login-button"]'}
DEBUG:urllib3.connectionpool:http://localhost:56001 "POST /session/8c02410156034b8c131da00583c255d9/element HTTP/1.1" 200 0
DEBUG:selenium.webdriver.remote.remote_connection:Remote response: status=200 | data={"value":{"element-6066-11e4-a52e-4f735466cecf":"f.0625E0523D18BF4BBBB100BE371474C6.d.2397D47BFE4BCEFA66D4B4FB6270E8CE.e.5"}} | headers=HTTPHeaderDict({'Content-Length': '125', 'Content-Type': 'application/json; charset=utf-8', 'cache-control': 'no-cache'})
DEBUG:selenium.webdriver.remote.remote_connection:Finished Request
DEBUG:selenium.webdriver.remote.remote_connection:POST http://localhost:56001/session/8c02410156034b8c131da00583c255d9/element/f.0625E0523D18BF4BBBB100BE371474C6.d.2397D47BFE4BCEFA66D4B4FB6270E8CE.e.5/click {}
DEBUG:urllib3.connectionpool:http://localhost:56001 "POST /session/8c02410156034b8c131da00583c255d9/element/f.0625E0523D18BF4BBBB100BE371474C6.d.2397D47BFE4BCEFA66D4B4FB6270E8CE.e.5/click HTTP/1.1" 200 0
DEBUG:selenium.webdriver.remote.remote_connection:Remote response: status=200 | data={"value":null} | headers=HTTPHeaderDict({'Content-Length': '14', 'Content-Type': 'application/json; charset=utf-8', 'cache-control': 'no-cache'})
DEBUG:selenium.webdriver.remote.remote_connection:Finished Request
DEBUG:selenium.webdriver.remote.remote_connection:GET http://localhost:56001/session/8c02410156034b8c131da00583c255d9/url {}
DEBUG:urllib3.connectionpool:http://localhost:56001 "GET /session/8c02410156034b8c131da00583c255d9/url HTTP/1.1" 200 0
DEBUG:selenium.webdriver.remote.remote_connection:Remote response: status=200 | data={"value":"https://www.saucedemo.com/inventory.html"} | headers=HTTPHeaderDict({'Content-Length': '52', 'Content-Type': 'application/json; charset=utf-8', 'cache-control': 'no-cache'})
DEBUG:selenium.webdriver.remote.remote_connection:Finished Request
INFO:root:Test login user 'standard_user' 'secret_sauce' PASSED
INFO:root:Testing cart badge behavior ...
DEBUG:selenium.webdriver.remote.remote_connection:POST http://localhost:56001/session/8c02410156034b8c131da00583c255d9/elements {'using': 'xpath', 'value': "//button[text()='Add to cart']"}
DEBUG:urllib3.connectionpool:http://localhost:56001 "POST /session/8c02410156034b8c131da00583c255d9/elements HTTP/1.1" 200 0
DEBUG:selenium.webdriver.remote.remote_connection:Remote response: status=200 | data={"value":[{"element-6066-11e4-a52e-4f735466cecf":"f.0625E0523D18BF4BBBB100BE371474C6.d.2397D47BFE4BCEFA66D4B4FB6270E8CE.e.29"},{"element-6066-11e4-a52e-4f735466cecf":"f.0625E0523D18BF4BBBB100BE371474C6.d.2397D47BFE4BCEFA66D4B4FB6270E8CE.e.30"},{"element-6066-11e4-a52e-4f735466cecf":"f.0625E0523D18BF4BBBB100BE371474C6.d.2397D47BFE4BCEFA66D4B4FB6270E8CE.e.31"},{"element-6066-11e4-a52e-4f735466cecf":"f.0625E0523D18BF4BBBB100BE371474C6.d.2397D47BFE4BCEFA66D4B4FB6270E8CE.e.32"},{"element-6066-11e4-a52e-4f735466cecf":"f.0625E0523D18BF4BBBB100BE371474C6.d.2397D47BFE4BCEFA66D4B4FB6270E8CE.e.33"},{"element-6066-11e4-a52e-4f735466cecf":"f.0625E0523D18BF4BBBB100BE371474C6.d.2397D47BFE4BCEFA66D4B4FB6270E8CE.e.34"}]} | headers=HTTPHeaderDict({'Content-Length': '713', 'Content-Type': 'application/json; charset=utf-8', 'cache-control': 'no-cache'})
DEBUG:selenium.webdriver.remote.remote_connection:Finished Request
DEBUG:root:Was selected  '2' items to add to cart.
DEBUG:selenium.webdriver.remote.remote_connection:POST http://localhost:56001/session/8c02410156034b8c131da00583c255d9/element/f.0625E0523D18BF4BBBB100BE371474C6.d.2397D47BFE4BCEFA66D4B4FB6270E8CE.e.29/click {}
DEBUG:urllib3.connectionpool:http://localhost:56001 "POST /session/8c02410156034b8c131da00583c255d9/element/f.0625E0523D18BF4BBBB100BE371474C6.d.2397D47BFE4BCEFA66D4B4FB6270E8CE.e.29/click HTTP/1.1" 200 0
DEBUG:selenium.webdriver.remote.remote_connection:Remote response: status=200 | data={"value":null} | headers=HTTPHeaderDict({'Content-Length': '14', 'Content-Type': 'application/json; charset=utf-8', 'cache-control': 'no-cache'})
DEBUG:selenium.webdriver.remote.remote_connection:Finished Request
DEBUG:root:Item  '<selenium.webdriver.remote.webelement.WebElement (session="8c02410156034b8c131da00583c255d9", element="f.0625E0523D18BF4BBBB100BE371474C6.d.2397D47BFE4BCEFA66D4B4FB6270E8CE.e.29")>' was added to cart.
DEBUG:selenium.webdriver.remote.remote_connection:POST http://localhost:56001/session/8c02410156034b8c131da00583c255d9/element/f.0625E0523D18BF4BBBB100BE371474C6.d.2397D47BFE4BCEFA66D4B4FB6270E8CE.e.30/click {}
DEBUG:urllib3.connectionpool:http://localhost:56001 "POST /session/8c02410156034b8c131da00583c255d9/element/f.0625E0523D18BF4BBBB100BE371474C6.d.2397D47BFE4BCEFA66D4B4FB6270E8CE.e.30/click HTTP/1.1" 404 0
DEBUG:selenium.webdriver.remote.remote_connection:Remote response: status=404 | data={"value":{"error":"invalid session id","message":"invalid session id: session deleted as the browser has closed the connection\nfrom disconnected: not connected to DevTools\n  (Session info: chrome=135.0.7049.85)","stacktrace":"\tGetHandleVerifier [0x00007FF65E4B5335+78597]\n\tGetHandleVerifier [0x00007FF65E4B5390+78688]\n\t(No symbol) [0x00007FF65E2691AA]\n\t(No symbol) [0x00007FF65E254EF5]\n\t(No symbol) [0x00007FF65E279F04]\n\t(No symbol) [0x00007FF65E2EED0F]\n\t(No symbol) [0x00007FF65E30EBB2]\n\t(No symbol) [0x00007FF65E2E6EC3]\n\t(No symbol) [0x00007FF65E2B03F8]\n\t(No symbol) [0x00007FF65E2B1163]\n\tGetHandleVerifier [0x00007FF65E75EEED+2870973]\n\tGetHandleVerifier [0x00007FF65E759698+2848360]\n\tGetHandleVerifier [0x00007FF65E776973+2967875]\n\tGetHandleVerifier [0x00007FF65E4D017A+188746]\n\tGetHandleVerifier [0x00007FF65E4D845F+222255]\n\tGetHandleVerifier [0x00007FF65E4BD2B4+111236]\n\tGetHandleVerifier [0x00007FF65E4BD462+111666]\n\tGetHandleVerifier [0x00007FF65E4A3589+5465]\n\tBaseThreadInitThunk [0x00007FFA2208E8D7+23]\n\tRtlUserThreadStart [0x00007FFA227B14FC+44]\n"}} | headers=HTTPHeaderDict({'Content-Length': '1101', 'Content-Type': 'application/json; charset=utf-8', 'cache-control': 'no-cache'})
DEBUG:selenium.webdriver.remote.remote_connection:Finished Request
ERROR:root:Test fail with error. Message: invalid session id: session deleted as the browser has closed the connection
from disconnected: not connected to DevTools
  (Session info: chrome=135.0.7049.85)
Stacktrace:
	GetHandleVerifier [0x00007FF65E4B5335+78597]
	GetHandleVerifier [0x00007FF65E4B5390+78688]
	(No symbol) [0x00007FF65E2691AA]
	(No symbol) [0x00007FF65E254EF5]
	(No symbol) [0x00007FF65E279F04]
	(No symbol) [0x00007FF65E2EED0F]
	(No symbol) [0x00007FF65E30EBB2]
	(No symbol) [0x00007FF65E2E6EC3]
	(No symbol) [0x00007FF65E2B03F8]
	(No symbol) [0x00007FF65E2B1163]
	GetHandleVerifier [0x00007FF65E75EEED+2870973]
	GetHandleVerifier [0x00007FF65E759698+2848360]
	GetHandleVerifier [0x00007FF65E776973+2967875]
	GetHandleVerifier [0x00007FF65E4D017A+188746]
	GetHandleVerifier [0x00007FF65E4D845F+222255]
	GetHandleVerifier [0x00007FF65E4BD2B4+111236]
	GetHandleVerifier [0x00007FF65E4BD462+111666]
	GetHandleVerifier [0x00007FF65E4A3589+5465]
	BaseThreadInitThunk [0x00007FFA2208E8D7+23]
	RtlUserThreadStart [0x00007FFA227B14FC+44]

INFO:root:Testing logout user ...
DEBUG:selenium.webdriver.remote.remote_connection:POST http://localhost:56001/session/8c02410156034b8c131da00583c255d9/element {'using': 'css selector', 'value': '[id="react-burger-menu-btn"]'}
DEBUG:urllib3.connectionpool:http://localhost:56001 "POST /session/8c02410156034b8c131da00583c255d9/element HTTP/1.1" 404 0
DEBUG:selenium.webdriver.remote.remote_connection:Remote response: status=404 | data={"value":{"error":"invalid session id","message":"invalid session id","stacktrace":"\tGetHandleVerifier [0x00007FF65E4B5335+78597]\n\tGetHandleVerifier [0x00007FF65E4B5390+78688]\n\t(No symbol) [0x00007FF65E268FDC]\n\t(No symbol) [0x00007FF65E2AF51F]\n\t(No symbol) [0x00007FF65E2E6FB2]\n\t(No symbol) [0x00007FF65E2E19CC]\n\t(No symbol) [0x00007FF65E2E0AA9]\n\t(No symbol) [0x00007FF65E235AB5]\n\tGetHandleVerifier [0x00007FF65E75EEED+2870973]\n\tGetHandleVerifier [0x00007FF65E759698+2848360]\n\tGetHandleVerifier [0x00007FF65E776973+2967875]\n\tGetHandleVerifier [0x00007FF65E4D017A+188746]\n\tGetHandleVerifier [0x00007FF65E4D845F+222255]\n\t(No symbol) [0x00007FF65E234B28]\n\tGetHandleVerifier [0x00007FF65E860668+3925560]\n\tBaseThreadInitThunk [0x00007FFA2208E8D7+23]\n\tRtlUserThreadStart [0x00007FFA227B14FC+44]\n"}} | headers=HTTPHeaderDict({'Content-Length': '826', 'Content-Type': 'application/json; charset=utf-8', 'cache-control': 'no-cache'})
DEBUG:selenium.webdriver.remote.remote_connection:Finished Request
ERROR:root:Test fail with error. Message: invalid session id
Stacktrace:
	GetHandleVerifier [0x00007FF65E4B5335+78597]
	GetHandleVerifier [0x00007FF65E4B5390+78688]
	(No symbol) [0x00007FF65E268FDC]
	(No symbol) [0x00007FF65E2AF51F]
	(No symbol) [0x00007FF65E2E6FB2]
	(No symbol) [0x00007FF65E2E19CC]
	(No symbol) [0x00007FF65E2E0AA9]
	(No symbol) [0x00007FF65E235AB5]
	GetHandleVerifier [0x00007FF65E75EEED+2870973]
	GetHandleVerifier [0x00007FF65E759698+2848360]
	GetHandleVerifier [0x00007FF65E776973+2967875]
	GetHandleVerifier [0x00007FF65E4D017A+188746]
	GetHandleVerifier [0x00007FF65E4D845F+222255]
	(No symbol) [0x00007FF65E234B28]
	GetHandleVerifier [0x00007FF65E860668+3925560]
	BaseThreadInitThunk [0x00007FFA2208E8D7+23]
	RtlUserThreadStart [0x00007FFA227B14FC+44]

DEBUG:selenium.webdriver.remote.remote_connection:DELETE http://localhost:56001/session/8c02410156034b8c131da00583c255d9 {}
DEBUG:urllib3.connectionpool:http://localhost:56001 "DELETE /session/8c02410156034b8c131da00583c255d9 HTTP/1.1" 200 0
DEBUG:selenium.webdriver.remote.remote_connection:Remote response: status=200 | data={"value":null} | headers=HTTPHeaderDict({'Content-Length': '14', 'Content-Type': 'application/json; charset=utf-8', 'cache-control': 'no-cache'})
DEBUG:selenium.webdriver.remote.remote_connection:Finished Request
